JvmtiExport can_access_local_variables 0
JvmtiExport can_hotswap_or_post_breakpoint 0
JvmtiExport can_post_on_exceptions 0
# 245 ciObject found
ciMethod java/lang/Object <init> ()V 4097 1 202420 0 0
ciMethod java/lang/ref/Reference get ()Ljava/lang/Object; 2089 1 261 0 -1
ciMethod java/lang/Thread currentThread ()Ljava/lang/Thread; 3073 1 384 0 -1
ciMethod java/lang/Math toRadians (D)D 177 1 1783 0 -1
ciMethod java/lang/ThreadLocal get ()Ljava/lang/Object; 2081 1 5385 0 288
ciMethod java/lang/ThreadLocal setInitialValue ()Ljava/lang/Object; 89 1 11 0 -1
ciMethod java/lang/ThreadLocal getMap (Ljava/lang/Thread;)Ljava/lang/ThreadLocal$ThreadLocalMap; 2097 1 1290 0 0
ciMethod java/lang/ThreadLocal access$400 (Ljava/lang/ThreadLocal;)I 1025 1 128 0 0
ciMethodData java/lang/Object <init> ()V 2 202420 orig 264 8 193 14 93 0 0 0 0 128 4 86 20 0 0 0 0 32 1 0 0 0 0 0 0 0 0 0 0 0 0 0 0 0 0 0 0 0 0 0 0 0 0 0 0 0 0 0 0 0 0 0 0 0 0 0 0 0 0 0 0 0 0 0 0 0 0 0 0 0 0 0 0 0 0 0 0 0 0 0 0 77 68 79 32 101 120 116 114 97 32 100 97 116 97 32 108 111 99 107 0 0 0 0 0 0 0 0 0 0 0 0 0 0 0 0 0 0 0 0 0 0 0 0 0 0 0 0 0 0 0 0 0 0 0 0 0 0 0 0 0 0 0 0 0 0 0 0 0 0 0 0 0 0 0 0 0 0 0 0 0 0 0 0 0 0 0 0 0 0 0 0 0 0 0 0 0 0 0 0 0 0 0 0 0 1 0 0 0 0 0 0 0 1 0 0 0 0 0 0 0 1 0 0 0 0 0 0 0 0 0 0 0 0 0 0 0 0 2 0 0 161 165 24 0 1 0 0 0 0 0 0 0 0 0 0 0 2 0 0 0 0 0 3 0 1 0 0 0 0 0 0 0 255 255 255 255 0 0 0 0 0 0 0 0 data 0 oops 0
ciMethod java/lang/ThreadLocal$ThreadLocalMap getEntry (Ljava/lang/ThreadLocal;)Ljava/lang/ThreadLocal$ThreadLocalMap$Entry; 2097 1 5382 0 192
ciMethod java/lang/ThreadLocal$ThreadLocalMap getEntryAfterMiss (Ljava/lang/ThreadLocal;ILjava/lang/ThreadLocal$ThreadLocalMap$Entry;)Ljava/lang/ThreadLocal$ThreadLocalMap$Entry; 65 1 8 0 -1
ciMethod java/lang/ThreadLocal$ThreadLocalMap access$000 (Ljava/lang/ThreadLocal$ThreadLocalMap;Ljava/lang/ThreadLocal;)Ljava/lang/ThreadLocal$ThreadLocalMap$Entry; 2089 1 5382 0 0
ciMethod java/util/Iterator hasNext ()Z 0 0 1 0 -1
ciMethod java/util/Iterator next ()Ljava/lang/Object; 0 0 1 0 -1
ciMethod javafx/beans/value/ObservableValue getValue ()Ljava/lang/Object; 0 0 1 0 -1
ciMethod javafx/beans/property/ObjectPropertyBase get ()Ljava/lang/Object; 2049 1 20438 0 96
ciMethod com/sun/javafx/geom/transform/BaseTransform transform (Lcom/sun/javafx/geom/Vec3d;Lcom/sun/javafx/geom/Vec3d;)Lcom/sun/javafx/geom/Vec3d; 0 0 1 0 -1
ciMethod com/sun/javafx/geom/transform/BaseTransform inverseTransform (Lcom/sun/javafx/geom/Vec3d;Lcom/sun/javafx/geom/Vec3d;)Lcom/sun/javafx/geom/Vec3d; 0 0 1 0 -1
ciMethod com/sun/javafx/geom/transform/BaseTransform setToIdentity ()V 0 0 1 0 -1
ciMethod com/sun/javafx/geom/transform/BaseTransform deriveWithTranslation (DD)Lcom/sun/javafx/geom/transform/BaseTransform; 0 0 1 0 -1
ciMethod com/sun/javafx/geom/transform/BaseTransform deriveWithTranslation (DDD)Lcom/sun/javafx/geom/transform/BaseTransform; 0 0 1 0 -1
ciMethod com/sun/javafx/geom/transform/BaseTransform deriveWithScale (DDD)Lcom/sun/javafx/geom/transform/BaseTransform; 0 0 1 0 -1
ciMethod com/sun/javafx/geom/transform/BaseTransform deriveWithRotation (DDDD)Lcom/sun/javafx/geom/transform/BaseTransform; 0 0 1 0 -1
ciMethod com/sun/javafx/geom/transform/Identity transform (Lcom/sun/javafx/geom/Vec3d;Lcom/sun/javafx/geom/Vec3d;)Lcom/sun/javafx/geom/Vec3d; 3121 1 4528 0 0
ciMethod com/sun/javafx/geom/transform/Translate2D transform (Lcom/sun/javafx/geom/Vec3d;Lcom/sun/javafx/geom/Vec3d;)Lcom/sun/javafx/geom/Vec3d; 2065 1 2798 0 0
ciMethod com/sun/javafx/geom/Vec3d <init> ()V 849 1 3565 0 -1
ciMethod com/sun/javafx/geom/Vec3d <init> (Lcom/sun/javafx/geom/Vec3d;)V 0 0 1 0 -1
ciMethod com/sun/javafx/geom/Vec3d set (Lcom/sun/javafx/geom/Vec3d;)V 3089 1 15114 0 96
ciMethod com/sun/javafx/geom/Vec3d set (DDD)V 2097 1 25373 0 64
ciMethod javafx/collections/ObservableList iterator ()Ljava/util/Iterator; 0 0 1 0 -1
ciMethod javafx/scene/Node getParent ()Ljavafx/scene/Parent; 2049 1 18748 0 160
ciMethod javafx/scene/Node getSubScene ()Ljavafx/scene/SubScene; 1033 1 129 0 0
ciMethod javafx/scene/Node getScene ()Ljavafx/scene/Scene; 2089 1 10514 0 -1
ciMethod javafx/scene/Node getLayoutX ()D 193 1 25 0 -1
ciMethod javafx/scene/Node getLayoutY ()D 193 1 25 0 -1
ciMethod javafx/scene/Node sceneToLocal (Ljavafx/geometry/Point3D;)Ljavafx/geometry/Point3D; 553 1 348 0 0
ciMethod javafx/scene/Node sceneToLocal (DDD)Ljavafx/geometry/Point3D; 553 1 348 0 0
ciMethod javafx/scene/Node sceneToLocal0 (DDD)Ljavafx/geometry/Point3D; 553 1 348 0 0
ciMethod javafx/scene/Node localToScene (Ljavafx/geometry/Point3D;)Ljavafx/geometry/Point3D; 2049 1 4400 0 0
ciMethod javafx/scene/Node localToScene (DDD)Ljavafx/geometry/Point3D; 2081 1 4464 0 0
ciMethod javafx/scene/Node impl_getPivotX ()D 0 0 1 0 -1
ciMethod javafx/scene/Node impl_getPivotY ()D 0 0 1 0 -1
ciMethod javafx/scene/Node impl_getPivotZ ()D 0 0 1 0 -1
ciMethod javafx/scene/Node updateLocalToParentTransform ()V 2057 1 5426 0 -1
ciMethod javafx/scene/Node parentToLocal (Lcom/sun/javafx/geom/Vec3d;)V 3081 1 693 0 -1
ciMethod javafx/scene/Node sceneToLocal (Lcom/sun/javafx/geom/Vec3d;)V 3081 1 693 0 -1
ciMethod javafx/scene/Node localToScene (Lcom/sun/javafx/geom/Vec3d;)V 2089 1 7326 0 0
ciMethod javafx/scene/Node localToParent (Lcom/sun/javafx/geom/Vec3d;)V 2089 1 7326 0 0
ciMethod javafx/scene/Node getTransforms ()Ljavafx/collections/ObservableList; 0 0 1 0 -1
ciMethod javafx/scene/Node getTranslateX ()D 193 1 25 0 -1
ciMethod javafx/scene/Node getTranslateY ()D 193 1 25 0 -1
ciMethod javafx/scene/Node getTranslateZ ()D 161 1 21 0 -1
ciMethod javafx/scene/Node getScaleX ()D 161 1 21 0 -1
ciMethod javafx/scene/Node getScaleY ()D 161 1 21 0 -1
ciMethod javafx/scene/Node getScaleZ ()D 161 1 21 0 -1
ciMethod javafx/scene/Node getRotate ()D 161 1 21 0 -1
ciMethod javafx/scene/Node getRotationAxis ()Ljavafx/geometry/Point3D; 0 0 1 0 -1
ciMethod javafx/scene/Node impl_hasTransforms ()Z 161 1 21 0 -1
ciMethod javafx/scene/Node hasMirroring ()Z 265 1 59 0 -1
ciMethod javafx/scene/Scene getWidth ()D 65 1 8 0 -1
ciMethod javafx/scene/Scene getRoot ()Ljavafx/scene/Parent; 2089 1 7314 0 -1
ciMethod com/sun/javafx/scene/NodeHelper$NodeAccessor getSubScene (Ljavafx/scene/Node;)Ljavafx/scene/SubScene; 0 0 1 0 -1
ciMethod javafx/scene/transform/Transform impl_derive (Lcom/sun/javafx/geom/transform/BaseTransform;)Lcom/sun/javafx/geom/transform/BaseTransform; 0 0 1 0 -1
ciMethod javafx/geometry/Point3D getX ()D 1121 1 10319 0 0
ciMethod javafx/geometry/Point3D getY ()D 1121 1 10319 0 0
ciMethod javafx/geometry/Point3D getZ ()D 1121 1 10319 0 0
ciMethod javafx/geometry/Point3D <init> (DDD)V 2081 1 7703 0 0
ciMethod javafx/scene/Node$18 getSubScene (Ljavafx/scene/Node;)Ljavafx/scene/SubScene; 2065 1 6528 0 0
ciMethod com/sun/javafx/scene/NodeHelper getSubScene (Ljavafx/scene/Node;)Ljavafx/scene/SubScene; 2065 1 6528 0 0
ciMethod com/sun/javafx/scene/SceneHelper getEffectiveCamera (Ljavafx/scene/Scene;)Ljavafx/scene/Camera; 65 1 64 0 -1
ciMethod com/sun/javafx/scene/CameraHelper project (Ljavafx/scene/Camera;Ljavafx/geometry/Point3D;)Ljavafx/geometry/Point2D; 65 1 64 0 -1
ciMethodData javafx/beans/property/ObjectPropertyBase get ()Ljava/lang/Object; 2 20438 orig 264 8 193 14 93 0 0 0 0 24 95 153 20 0 0 0 0 176 1 0 0 32 0 0 0 0 0 0 0 0 0 0 0 0 0 0 0 0 0 0 0 0 0 0 0 0 0 0 0 0 0 0 0 0 0 0 0 0 0 0 0 0 0 0 0 0 0 0 0 0 0 0 0 0 0 0 0 0 0 0 0 77 68 79 32 101 120 116 114 97 32 100 97 116 97 32 108 111 99 107 0 0 0 0 0 0 0 0 0 0 0 0 0 0 0 0 0 0 0 0 0 0 0 0 0 0 0 0 0 0 0 0 0 0 0 0 0 0 0 0 0 0 0 0 0 0 0 0 0 0 0 0 0 0 0 0 0 0 0 0 0 0 0 0 0 0 0 0 0 0 0 0 0 0 0 0 0 0 0 0 0 0 0 0 0 0 0 0 0 0 0 0 0 0 0 0 0 0 0 0 0 0 0 0 0 0 0 0 0 0 0 0 0 0 0 0 0 0 1 0 0 177 118 2 0 1 0 0 0 0 0 0 0 0 0 0 0 2 0 0 0 0 0 6 0 2 0 0 0 104 0 0 0 255 255 255 255 7 0 9 0 0 0 0 0 data 13 0x90007 0x35 0x38 0x4ea1 0x100003 0x4ea1 0x48 0x170005 0x26 0x1745d440 0x4 0x1745d4f0 0xb oops 2 9 javafx/beans/property/SimpleObjectProperty 11 javafx/scene/control/Labeled$14
ciMethodData javafx/scene/Node getParent ()Ljavafx/scene/Parent; 2 18748 orig 264 8 193 14 93 0 0 0 0 144 247 175 20 0 0 0 0 224 1 0 0 32 0 0 0 0 0 0 0 0 0 0 0 0 0 0 0 0 0 0 0 0 0 0 0 0 0 0 0 0 0 0 0 0 0 0 0 0 0 0 0 0 0 0 0 0 0 0 0 0 0 0 0 0 0 0 0 0 0 0 0 77 68 79 32 101 120 116 114 97 32 100 97 116 97 32 108 111 99 107 0 0 0 0 0 0 0 0 0 0 0 0 0 0 0 0 0 0 0 0 0 0 0 0 0 0 0 0 0 0 0 0 0 0 0 0 0 0 0 0 0 0 0 0 0 0 0 0 0 0 0 0 0 0 0 0 0 0 0 0 0 0 0 0 0 0 0 0 0 0 0 0 0 0 0 0 0 0 0 0 0 0 0 0 0 0 0 0 0 0 0 0 0 0 0 0 0 0 0 0 0 0 0 0 0 0 0 0 0 0 0 0 0 0 0 0 0 0 1 0 0 225 65 2 0 1 0 0 0 0 0 0 0 0 0 0 0 2 0 0 0 0 0 10 0 2 0 0 0 152 0 0 0 255 255 255 255 7 0 4 0 0 0 0 0 data 19 0x40007 0x2902 0x38 0x1f3a 0x80003 0x1f3a 0x78 0xf0005 0x0 0x1745b4a0 0x2902 0x0 0x0 0x120104 0x0 0x1643c1b0 0x1b87 0x1745b550 0x240 oops 3 9 javafx/scene/Node$1 15 javafx/scene/layout/BorderPane 17 javafx/scene/control/MenuBar
ciMethod com/sun/javafx/util/TempState getInstance ()Lcom/sun/javafx/util/TempState; 2073 1 10246 0 256
ciMethodData java/lang/ThreadLocal getMap (Ljava/lang/Thread;)Ljava/lang/ThreadLocal$ThreadLocalMap; 2 1290 orig 264 8 193 14 93 0 0 0 0 48 21 102 20 0 0 0 0 40 1 0 0 0 0 0 0 0 0 0 0 0 0 0 0 0 0 0 0 0 0 0 0 0 0 0 0 0 0 0 0 0 0 0 0 0 0 0 0 0 0 0 0 0 0 0 0 0 0 0 0 0 0 0 0 0 0 0 0 0 0 0 0 77 68 79 32 101 120 116 114 97 32 100 97 116 97 32 108 111 99 107 0 0 0 0 0 0 0 0 0 0 0 0 0 0 0 0 0 0 0 0 0 0 0 0 0 0 0 0 0 0 0 0 0 0 0 0 0 0 0 0 0 0 0 0 0 0 0 0 0 0 0 0 0 0 0 0 0 0 0 0 0 0 0 0 0 0 0 0 0 0 0 0 0 0 0 0 0 0 0 0 0 0 0 0 0 0 0 0 0 0 0 0 0 0 0 0 0 0 0 0 0 0 0 0 0 0 0 0 0 0 0 0 0 0 0 0 0 6 1 0 0 33 32 0 0 1 0 0 0 0 0 0 0 0 0 0 0 2 0 0 0 0 0 3 0 1 0 0 0 0 0 0 0 255 255 255 255 0 0 0 0 0 0 0 0 data 0 oops 0
ciMethodData java/lang/ThreadLocal get ()Ljava/lang/Object; 2 5385 orig 264 8 193 14 93 0 0 0 0 120 18 102 20 0 0 0 0 232 1 0 0 112 0 0 0 0 0 0 0 0 0 0 0 0 0 0 0 0 0 0 0 0 0 0 0 0 0 0 0 0 0 0 0 0 0 0 0 0 0 0 0 0 0 0 0 0 0 0 0 0 0 0 0 0 0 0 0 0 0 0 0 77 68 79 32 101 120 116 114 97 32 100 97 116 97 32 108 111 99 107 0 0 0 0 0 0 0 0 0 0 0 0 0 0 0 0 0 0 0 0 0 0 0 0 0 0 0 0 0 0 0 0 0 0 0 0 0 0 0 0 0 0 0 0 0 0 0 0 0 0 0 0 0 0 0 0 0 0 0 0 0 0 0 0 0 0 0 0 0 0 0 0 0 0 0 0 0 0 0 0 0 0 0 0 0 0 0 0 0 0 0 0 0 0 0 0 0 0 0 0 0 0 0 0 0 0 0 0 0 0 0 0 0 0 0 0 0 4 1 0 0 41 160 0 0 1 0 0 0 0 0 0 0 0 0 0 0 2 0 0 0 0 0 8 0 2 0 0 0 160 0 0 0 255 255 255 255 2 0 0 0 0 0 0 0 data 20 0x2 0x1405 0x60005 0x0 0x1644e170 0x134 0x1644e260 0x12d1 0xb0007 0x0 0x50 0x1405 0x100002 0x1405 0x150007 0x0 0x20 0x1405 0x220002 0x0 oops 2 4 java/lang/ThreadLocal 6 com/sun/javafx/util/TempState$1
ciMethodData java/lang/ThreadLocal$ThreadLocalMap access$000 (Ljava/lang/ThreadLocal$ThreadLocalMap;Ljava/lang/ThreadLocal;)Ljava/lang/ThreadLocal$ThreadLocalMap$Entry; 2 5382 orig 264 8 193 14 93 0 0 0 0 120 160 105 20 0 0 0 0 56 1 0 0 0 0 0 0 0 0 0 0 0 0 0 0 0 0 0 0 0 0 0 0 0 0 0 0 0 0 0 0 0 0 0 0 0 0 0 0 0 0 0 0 0 0 0 0 0 0 0 0 0 0 0 0 0 0 0 0 0 0 0 0 77 68 79 32 101 120 116 114 97 32 100 97 116 97 32 108 111 99 107 0 0 0 0 0 0 0 0 0 0 0 0 0 0 0 0 0 0 0 0 0 0 0 0 0 0 0 0 0 0 0 0 0 0 0 0 0 0 0 0 0 0 0 0 0 0 0 0 0 0 0 0 0 0 0 0 0 0 0 0 0 0 0 0 0 0 0 0 0 0 0 0 0 0 0 0 0 0 0 0 0 0 0 0 0 0 0 0 0 0 0 0 0 0 0 0 0 0 0 0 0 0 0 0 0 0 0 0 0 0 0 0 0 0 0 0 0 5 1 0 0 9 160 0 0 1 0 0 0 0 0 0 0 0 0 0 0 2 0 0 0 0 0 3 0 2 0 0 0 16 0 0 0 255 255 255 255 2 0 2 0 0 0 0 0 data 2 0x20002 0x1401 oops 0
ciMethodData java/lang/ThreadLocal$ThreadLocalMap getEntry (Ljava/lang/ThreadLocal;)Ljava/lang/ThreadLocal$ThreadLocalMap$Entry; 2 5382 orig 264 8 193 14 93 0 0 0 0 192 150 105 20 0 0 0 0 224 1 0 0 96 0 0 0 0 0 0 0 0 0 0 0 0 0 0 0 0 0 0 0 0 0 0 0 0 0 0 0 0 0 0 0 0 0 0 0 0 0 0 0 0 0 0 0 0 0 0 0 0 0 0 0 0 0 0 0 0 0 0 0 77 68 79 32 101 120 116 114 97 32 100 97 116 97 32 108 111 99 107 0 0 0 0 0 0 0 0 0 0 0 0 0 0 0 0 0 0 0 0 0 0 0 0 0 0 0 0 0 0 0 0 0 0 0 0 0 0 0 0 0 0 0 0 0 0 0 0 0 0 0 0 0 0 0 0 0 0 0 0 0 0 0 0 0 0 0 0 0 0 0 0 0 0 0 0 0 0 0 0 0 0 0 0 0 0 0 0 0 0 0 0 0 0 0 0 0 0 0 0 0 0 0 0 0 0 0 0 0 0 0 0 0 0 0 0 0 6 1 0 0 1 160 0 0 1 0 0 0 0 0 0 0 0 0 0 0 2 0 0 0 0 0 8 0 2 0 0 0 144 0 0 0 255 255 255 255 2 0 1 0 0 0 0 0 data 18 0x10002 0x1400 0x150007 0x0 0x70 0x1400 0x190005 0x0 0x1644fc10 0x1400 0x0 0x0 0x1d0007 0x0 0x20 0x1400 0x260002 0x0 oops 1 8 java/lang/ThreadLocal$ThreadLocalMap$Entry
ciMethod javafx/scene/input/PickResult getIntersectedNode ()Ljavafx/scene/Node; 1073 1 134 0 0
ciMethod javafx/scene/input/PickResult getIntersectedPoint ()Ljavafx/geometry/Point3D; 1033 1 129 0 0
ciMethod com/sun/javafx/scene/input/InputEventUtils recomputeCoordinates (Ljavafx/scene/input/PickResult;Ljava/lang/Object;)Ljavafx/geometry/Point3D; 3097 1 5507 0 -1
ciMethodData com/sun/javafx/geom/Vec3d set (DDD)V 2 25373 orig 264 8 193 14 93 0 0 0 0 96 77 171 20 0 0 0 0 80 1 0 0 0 0 0 0 0 0 0 0 0 0 0 0 0 0 0 0 0 0 0 0 0 0 0 0 0 0 0 0 0 0 0 0 0 0 0 0 0 0 0 0 0 0 0 0 0 0 0 0 0 0 0 0 0 0 0 0 0 0 0 0 77 68 79 32 101 120 116 114 97 32 100 97 116 97 32 108 111 99 107 0 0 0 0 0 0 0 0 0 0 0 0 0 0 0 0 0 0 0 0 0 0 0 0 0 0 0 0 0 0 0 0 0 0 0 0 0 0 0 0 0 0 0 0 0 0 0 0 0 0 0 0 0 0 0 0 0 0 0 0 0 0 0 0 0 0 0 0 0 0 0 0 0 0 0 0 0 0 0 0 0 0 0 0 0 0 0 0 0 0 0 0 0 0 0 0 0 0 0 0 0 0 0 0 0 0 0 0 0 0 0 0 0 0 0 0 0 6 1 0 0 185 16 3 0 1 0 0 0 0 0 0 0 0 0 0 0 2 0 0 0 0 0 3 0 1 0 0 0 0 0 0 0 255 255 255 255 0 0 0 0 0 0 0 0 data 0 oops 0
ciMethodData javafx/scene/Node updateLocalToParentTransform ()V 2 5426 orig 264 8 193 14 93 0 0 0 0 128 146 176 20 0 0 0 0 224 12 0 0 192 9 0 0 0 0 0 0 0 0 0 0 0 0 0 0 0 0 0 0 0 0 0 0 0 0 0 0 0 0 0 0 0 0 0 0 0 0 0 0 0 0 0 0 0 0 0 0 0 0 0 0 0 0 0 0 0 0 0 0 77 68 79 32 101 120 116 114 97 32 100 97 116 97 32 108 111 99 107 0 0 0 0 0 0 0 0 0 0 0 0 0 0 0 0 0 0 0 0 0 0 0 0 0 0 0 0 0 0 0 0 0 0 0 0 0 0 0 0 0 0 0 0 0 0 0 0 0 0 0 0 0 0 0 0 0 0 0 0 0 0 0 0 0 0 0 0 0 0 0 0 0 0 0 0 0 0 0 0 0 0 0 0 0 0 0 0 0 0 0 0 0 0 0 0 0 0 0 0 0 0 0 0 0 0 0 0 0 0 0 0 0 0 0 0 0 1 1 0 0 137 161 0 0 1 0 0 0 0 0 0 0 0 0 0 0 2 0 0 0 1 0 223 0 2 0 0 0 152 11 0 0 255 255 255 255 7 0 4 0 0 0 0 0 data 371 0x40007 0x1430 0xb98 0x1 0xb0005 0x0 0x17584610 0x1 0x0 0x0 0x130005 0x0 0x1643c020 0x1 0x0 0x0 0x160007 0x1 0x218 0x0 0x1a0005 0x0 0x0 0x0 0x0 0x0 0x210007 0x0 0x198 0x0 0x260005 0x0 0x0 0x0 0x0 0x0 0x2a0007 0x0 0x148 0x0 0x2f0005 0x0 0x0 0x0 0x0 0x0 0x3a0007 0x0 0x50 0x0 0x3e0005 0x0 0x0 0x0 0x0 0x0 0x490005 0x0 0x0 0x0 0x0 0x0 0x590005 0x0 0x0 0x0 0x0 0x0 0x670005 0x0 0x0 0x0 0x0 0x0 0x6d0003 0x0 0x48 0x730005 0x0 0x0 0x0 0x0 0x0 0x780005 0x0 0x1643c020 0x1 0x0 0x0 0x7d0007 0x0 0x110 0x1 0x810005 0x0 0x1643c020 0x1 0x0 0x0 0x860007 0x0 0xc0 0x1 0x8a0005 0x0 0x1643c020 0x1 0x0 0x0 0x8f0007 0x0 0x70 0x1 0x930005 0x0 0x1643c020 0x1 0x0 0x0 0x980007 0x1 0x468 0x0 0x9c0005 0x0 0x0 0x0 0x0 0x0 0xa20005 0x0 0x0 0x0 0x0 0x0 0xa80005 0x0 0x0 0x0 0x0 0x0 0xb30005 0x0 0x0 0x0 0x0 0x0 0xb70005 0x0 0x0 0x0 0x0 0x0 0xbf0005 0x0 0x0 0x0 0x0 0x0 0xc30005 0x0 0x0 0x0 0x0 0x0 0xcb0005 0x0 0x0 0x0 0x0 0x0 0xd10005 0x0 0x0 0x0 0x0 0x0 0xdd0005 0x0 0x0 0x0 0x0 0x0 0xe00002 0x0 0xe40005 0x0 0x0 0x0 0x0 0x0 0xe70005 0x0 0x0 0x0 0x0 0x0 0xeb0005 0x0 0x0 0x0 0x0 0x0 0xee0005 0x0 0x0 0x0 0x0 0x0 0xf20005 0x0 0x0 0x0 0x0 0x0 0xf50005 0x0 0x0 0x0 0x0 0x0 0xf80005 0x0 0x0 0x0 0x0 0x0 0x1040005 0x0 0x0 0x0 0x0 0x0 0x1080005 0x0 0x0 0x0 0x0 0x0 0x10c0005 0x0 0x0 0x0 0x0 0x0 0x10f0005 0x0 0x0 0x0 0x0 0x0 0x1230005 0x0 0x0 0x0 0x0 0x0 0x1290003 0x0 0x138 0x1320005 0x0 0x1643c020 0x1 0x0 0x0 0x1360005 0x0 0x1643c020 0x1 0x0 0x0 0x13b0005 0x0 0x1643c020 0x1 0x0 0x0 0x13f0005 0x0 0x1643c020 0x1 0x0 0x0 0x1440005 0x0 0x1643c020 0x1 0x0 0x0 0x1470005 0x0 0x17584610 0x1 0x0 0x0 0x14e0005 0x0 0x1643c020 0x1 0x0 0x0 0x1510007 0x1 0x178 0x0 0x1550005 0x0 0x0 0x0 0x0 0x0 0x1580005 0x0 0x0 0x0 0x0 0x0 0x1610005 0x0 0x0 0x0 0x0 0x0 0x1660007 0x0 0xc8 0x0 0x16b0005 0x0 0x0 0x0 0x0 0x0 0x1700004 0x0 0x0 0x0 0x0 0x0 0x17c0005 0x0 0x0 0x0 0x0 0x0 0x1820003 0x0 0xffffffffffffff20 0x1860007 0x1 0xb0 0x0 0x1900005 0x0 0x0 0x0 0x0 0x0 0x1a00005 0x0 0x0 0x0 0x0 0x0 0x1ae0005 0x0 0x0 0x0 0x0 0x0 oops 13 6 com/sun/javafx/geom/transform/Translate2D 12 javafx/scene/control/Button 85 javafx/scene/control/Button 95 javafx/scene/control/Button 105 javafx/scene/control/Button 115 javafx/scene/control/Button 262 javafx/scene/control/Button 268 javafx/scene/control/Button 274 javafx/scene/control/Button 280 javafx/scene/control/Button 286 javafx/scene/control/Button 292 com/sun/javafx/geom/transform/Translate2D 298 javafx/scene/control/Button
ciMethodData javafx/geometry/Point3D getX ()D 2 10319 orig 264 8 193 14 93 0 0 0 0 168 165 202 20 0 0 0 0 32 1 0 0 0 0 0 0 0 0 0 0 0 0 0 0 0 0 0 0 0 0 0 0 0 0 0 0 0 0 0 0 0 0 0 0 0 0 0 0 0 0 0 0 0 0 0 0 0 0 0 0 0 0 0 0 0 0 0 0 0 0 0 0 77 68 79 32 101 120 116 114 97 32 100 97 116 97 32 108 111 99 107 0 0 0 0 0 0 0 0 0 0 0 0 0 0 0 0 0 0 0 0 0 0 0 0 0 0 0 0 0 0 0 0 0 0 0 0 0 0 0 0 0 0 0 0 0 0 0 0 0 0 0 0 0 0 0 0 0 0 0 0 0 0 0 0 0 0 0 0 0 0 0 0 0 0 0 0 0 0 0 0 0 0 0 0 0 0 0 0 0 0 0 0 0 0 0 0 0 0 0 0 0 0 0 0 0 0 0 0 0 0 0 0 0 0 0 0 0 140 0 0 0 25 62 1 0 1 0 0 0 0 0 0 0 0 0 0 0 2 0 0 0 0 0 3 0 1 0 0 0 0 0 0 0 255 255 255 255 0 0 0 0 0 0 0 0 data 0 oops 0
ciMethodData javafx/geometry/Point3D getY ()D 2 10319 orig 264 8 193 14 93 0 0 0 0 64 166 202 20 0 0 0 0 32 1 0 0 0 0 0 0 0 0 0 0 0 0 0 0 0 0 0 0 0 0 0 0 0 0 0 0 0 0 0 0 0 0 0 0 0 0 0 0 0 0 0 0 0 0 0 0 0 0 0 0 0 0 0 0 0 0 0 0 0 0 0 0 77 68 79 32 101 120 116 114 97 32 100 97 116 97 32 108 111 99 107 0 0 0 0 0 0 0 0 0 0 0 0 0 0 0 0 0 0 0 0 0 0 0 0 0 0 0 0 0 0 0 0 0 0 0 0 0 0 0 0 0 0 0 0 0 0 0 0 0 0 0 0 0 0 0 0 0 0 0 0 0 0 0 0 0 0 0 0 0 0 0 0 0 0 0 0 0 0 0 0 0 0 0 0 0 0 0 0 0 0 0 0 0 0 0 0 0 0 0 0 0 0 0 0 0 0 0 0 0 0 0 0 0 0 0 0 0 140 0 0 0 25 62 1 0 1 0 0 0 0 0 0 0 0 0 0 0 2 0 0 0 0 0 3 0 1 0 0 0 0 0 0 0 255 255 255 255 0 0 0 0 0 0 0 0 data 0 oops 0
ciMethodData javafx/geometry/Point3D getZ ()D 2 10319 orig 264 8 193 14 93 0 0 0 0 216 166 202 20 0 0 0 0 32 1 0 0 0 0 0 0 0 0 0 0 0 0 0 0 0 0 0 0 0 0 0 0 0 0 0 0 0 0 0 0 0 0 0 0 0 0 0 0 0 0 0 0 0 0 0 0 0 0 0 0 0 0 0 0 0 0 0 0 0 0 0 0 77 68 79 32 101 120 116 114 97 32 100 97 116 97 32 108 111 99 107 0 0 0 0 0 0 0 0 0 0 0 0 0 0 0 0 0 0 0 0 0 0 0 0 0 0 0 0 0 0 0 0 0 0 0 0 0 0 0 0 0 0 0 0 0 0 0 0 0 0 0 0 0 0 0 0 0 0 0 0 0 0 0 0 0 0 0 0 0 0 0 0 0 0 0 0 0 0 0 0 0 0 0 0 0 0 0 0 0 0 0 0 0 0 0 0 0 0 0 0 0 0 0 0 0 0 0 0 0 0 0 0 0 0 0 0 0 140 0 0 0 25 62 1 0 1 0 0 0 0 0 0 0 0 0 0 0 2 0 0 0 0 0 3 0 1 0 0 0 0 0 0 0 255 255 255 255 0 0 0 0 0 0 0 0 data 0 oops 0
ciMethodData com/sun/javafx/util/TempState getInstance ()Lcom/sun/javafx/util/TempState; 2 10246 orig 264 8 193 14 93 0 0 0 0 64 95 221 25 0 0 0 0 160 1 0 0 0 0 0 0 0 0 0 0 0 0 0 0 0 0 0 0 0 0 0 0 0 0 0 0 0 0 0 0 0 0 0 0 0 0 0 0 0 0 0 0 0 0 0 0 0 0 0 0 0 0 0 0 0 0 0 0 0 0 0 0 77 68 79 32 101 120 116 114 97 32 100 97 116 97 32 108 111 99 107 0 0 0 0 0 0 0 0 0 0 0 0 0 0 0 0 0 0 0 0 0 0 0 0 0 0 0 0 0 0 0 0 0 0 0 0 0 0 0 0 0 0 0 0 0 0 0 0 0 0 0 0 0 0 0 0 0 0 0 0 0 0 0 0 0 0 0 0 0 0 0 0 0 0 0 0 0 0 0 0 0 0 0 0 0 0 0 0 0 0 0 0 0 0 0 0 0 0 0 0 0 0 0 0 0 0 0 0 0 0 0 0 0 0 0 0 0 3 1 0 0 25 56 1 0 1 0 0 0 0 0 0 0 0 0 0 0 2 0 0 0 0 0 3 0 2 0 0 0 96 0 0 0 255 255 255 255 5 0 3 0 0 0 0 0 data 12 0x30005 0x0 0x1644e260 0x2703 0x0 0x0 0x60004 0x0 0x1644c8c0 0x2703 0x0 0x0 oops 2 2 com/sun/javafx/util/TempState$1 8 com/sun/javafx/util/TempState
ciMethodData com/sun/javafx/geom/Vec3d set (Lcom/sun/javafx/geom/Vec3d;)V 2 15114 orig 264 8 193 14 93 0 0 0 0 192 76 171 20 0 0 0 0 40 1 0 0 0 0 0 0 0 0 0 0 0 0 0 0 0 0 0 0 0 0 0 0 0 0 0 0 0 0 0 0 0 0 0 0 0 0 0 0 0 0 0 0 0 0 0 0 0 0 0 0 0 0 0 0 0 0 0 0 0 0 0 0 77 68 79 32 101 120 116 114 97 32 100 97 116 97 32 108 111 99 107 0 0 0 0 0 0 0 0 0 0 0 0 0 0 0 0 0 0 0 0 0 0 0 0 0 0 0 0 0 0 0 0 0 0 0 0 0 0 0 0 0 0 0 0 0 0 0 0 0 0 0 0 0 0 0 0 0 0 0 0 0 0 0 0 0 0 0 0 0 0 0 0 0 0 0 0 0 0 0 0 0 0 0 0 0 0 0 0 0 0 0 0 0 0 0 0 0 0 0 0 0 0 0 0 0 0 0 0 0 0 0 0 0 0 0 0 0 130 1 0 0 65 204 1 0 1 0 0 0 0 0 0 0 0 0 0 0 2 0 0 0 0 0 3 0 1 0 0 0 0 0 0 0 255 255 255 255 0 0 0 0 0 0 0 0 data 0 oops 0
ciMethodData javafx/scene/Node localToScene (Lcom/sun/javafx/geom/Vec3d;)V 2 7326 orig 264 8 193 14 93 0 0 0 0 240 150 176 20 0 0 0 0 48 2 0 0 0 0 0 0 0 0 0 0 0 0 0 0 0 0 0 0 0 0 0 0 0 0 0 0 0 0 0 0 0 0 0 0 0 0 0 0 0 0 0 0 0 0 0 0 0 0 0 0 0 0 0 0 0 0 0 0 0 0 0 0 77 68 79 32 101 120 116 114 97 32 100 97 116 97 32 108 111 99 107 0 0 0 0 0 0 0 0 0 0 0 0 0 0 0 0 0 0 0 0 0 0 0 0 0 0 0 0 0 0 0 0 0 0 0 0 0 0 0 0 0 0 0 0 0 0 0 0 0 0 0 0 0 0 0 0 0 0 0 0 0 0 0 0 0 0 0 0 0 0 0 0 0 0 0 0 0 0 0 0 0 0 0 0 0 0 0 0 0 0 0 0 0 0 0 0 0 0 0 0 0 0 0 0 0 0 0 0 0 0 0 0 0 0 0 0 0 5 1 0 0 201 220 0 0 1 0 0 0 0 0 0 0 0 0 0 0 2 0 0 0 0 0 33 0 2 0 0 0 224 0 0 0 255 255 255 255 5 0 2 0 0 0 0 0 data 28 0x20005 0x15ee 0x1738c2f0 0x238 0x1643c020 0x373 0x60005 0x15ee 0x1738c2f0 0x238 0x1643c020 0x373 0x90007 0x10ef 0x80 0xaaa 0xd0005 0x4ff 0x1738c2f0 0x238 0x1643c020 0x373 0x110005 0x40 0x1643c020 0x238 0x1643c1b0 0x832 oops 8 2 com/sun/javafx/scene/control/skin/LabeledText 4 javafx/scene/control/Button 8 com/sun/javafx/scene/control/skin/LabeledText 10 javafx/scene/control/Button 18 com/sun/javafx/scene/control/skin/LabeledText 20 javafx/scene/control/Button 24 javafx/scene/control/Button 26 javafx/scene/layout/BorderPane
ciMethodData javafx/scene/Node localToParent (Lcom/sun/javafx/geom/Vec3d;)V 2 7326 orig 264 8 193 14 93 0 0 0 0 72 152 176 20 0 0 0 0 176 1 0 0 0 0 0 0 0 0 0 0 0 0 0 0 0 0 0 0 0 0 0 0 0 0 0 0 0 0 0 0 0 0 0 0 0 0 0 0 0 0 0 0 0 0 0 0 0 0 0 0 0 0 0 0 0 0 0 0 0 0 0 0 77 68 79 32 101 120 116 114 97 32 100 97 116 97 32 108 111 99 107 0 0 0 0 0 0 0 0 0 0 0 0 0 0 0 0 0 0 0 0 0 0 0 0 0 0 0 0 0 0 0 0 0 0 0 0 0 0 0 0 0 0 0 0 0 0 0 0 0 0 0 0 0 0 0 0 0 0 0 0 0 0 0 0 0 0 0 0 0 0 0 0 0 0 0 0 0 0 0 0 0 0 0 0 0 0 0 0 0 0 0 0 0 0 0 0 0 0 0 0 0 0 0 0 0 0 0 0 0 0 0 0 0 0 0 0 0 5 1 0 0 201 220 0 0 1 0 0 0 0 0 0 0 0 0 0 0 2 0 0 0 0 0 3 0 2 0 0 0 96 0 0 0 255 255 255 255 5 0 1 0 0 0 0 0 data 12 0x10005 0x15ee 0x1738c2f0 0x238 0x1643c020 0x373 0xa0005 0x0 0x17584610 0xa6a 0x175846c0 0x112f oops 4 2 com/sun/javafx/scene/control/skin/LabeledText 4 javafx/scene/control/Button 8 com/sun/javafx/geom/transform/Translate2D 10 com/sun/javafx/geom/transform/Identity
ciMethodData javafx/geometry/Point3D <init> (DDD)V 2 7703 orig 264 8 193 14 93 0 0 0 0 144 167 202 20 0 0 0 0 96 1 0 0 0 0 0 0 0 0 0 0 0 0 0 0 0 0 0 0 0 0 0 0 0 0 0 0 0 0 0 0 0 0 0 0 0 0 0 0 0 0 0 0 0 0 0 0 0 0 0 0 0 0 0 0 0 0 0 0 0 0 0 0 77 68 79 32 101 120 116 114 97 32 100 97 116 97 32 108 111 99 107 0 0 0 0 0 0 0 0 0 0 0 0 0 0 0 0 0 0 0 0 0 0 0 0 0 0 0 0 0 0 0 0 0 0 0 0 0 0 0 0 0 0 0 0 0 0 0 0 0 0 0 0 0 0 0 0 0 0 0 0 0 0 0 0 0 0 0 0 0 0 0 0 0 0 0 0 0 0 0 0 0 0 0 0 0 0 0 0 0 0 0 0 0 0 0 0 0 0 0 0 0 0 0 0 0 0 0 0 0 0 0 0 0 0 0 0 0 4 1 0 0 153 232 0 0 1 0 0 0 0 0 0 0 0 0 0 0 2 0 0 0 0 0 3 0 2 0 0 0 16 0 0 0 255 255 255 255 2 0 1 0 0 0 0 0 data 2 0x10002 0x1d13 oops 0
ciMethodData com/sun/javafx/scene/NodeHelper getSubScene (Ljavafx/scene/Node;)Ljavafx/scene/SubScene; 2 6528 orig 264 8 193 14 93 0 0 0 0 136 70 203 20 0 0 0 0 120 1 0 0 0 0 0 0 0 0 0 0 0 0 0 0 0 0 0 0 0 0 0 0 0 0 0 0 0 0 0 0 0 0 0 0 0 0 0 0 0 0 0 0 0 0 0 0 0 0 0 0 0 0 0 0 0 0 0 0 0 0 0 0 77 68 79 32 101 120 116 114 97 32 100 97 116 97 32 108 111 99 107 0 0 0 0 0 0 0 0 0 0 0 0 0 0 0 0 0 0 0 0 0 0 0 0 0 0 0 0 0 0 0 0 0 0 0 0 0 0 0 0 0 0 0 0 0 0 0 0 0 0 0 0 0 0 0 0 0 0 0 0 0 0 0 0 0 0 0 0 0 0 0 0 0 0 0 0 0 0 0 0 0 0 0 0 0 0 0 0 0 0 0 0 0 0 0 0 0 0 0 0 0 0 0 0 0 0 0 0 0 0 0 0 0 0 0 0 0 2 1 0 0 241 195 0 0 1 0 0 0 0 0 0 0 0 0 0 0 2 0 0 0 0 0 3 0 2 0 0 0 48 0 0 0 255 255 255 255 5 0 4 0 0 0 0 0 data 6 0x40005 0x0 0x16357e90 0x187e 0x0 0x0 oops 1 2 javafx/scene/Node$18
ciMethodData javafx/scene/Node$18 getSubScene (Ljavafx/scene/Node;)Ljavafx/scene/SubScene; 2 6528 orig 264 8 193 14 93 0 0 0 0 120 53 203 20 0 0 0 0 128 1 0 0 0 0 0 0 0 0 0 0 0 0 0 0 0 0 0 0 0 0 0 0 0 0 0 0 0 0 0 0 0 0 0 0 0 0 0 0 0 0 0 0 0 0 0 0 0 0 0 0 0 0 0 0 0 0 0 0 0 0 0 0 77 68 79 32 101 120 116 114 97 32 100 97 116 97 32 108 111 99 107 0 0 0 0 0 0 0 0 0 0 0 0 0 0 0 0 0 0 0 0 0 0 0 0 0 0 0 0 0 0 0 0 0 0 0 0 0 0 0 0 0 0 0 0 0 0 0 0 0 0 0 0 0 0 0 0 0 0 0 0 0 0 0 0 0 0 0 0 0 0 0 0 0 0 0 0 0 0 0 0 0 0 0 0 0 0 0 0 0 0 0 0 0 0 0 0 0 0 0 0 0 0 0 0 0 0 0 0 0 0 0 0 0 0 0 0 0 2 1 0 0 241 195 0 0 1 0 0 0 0 0 0 0 0 0 0 0 2 0 0 0 0 0 3 0 2 0 0 0 48 0 0 0 255 255 255 255 5 0 1 0 0 0 0 0 data 6 0x10005 0x1330 0x1738c2f0 0x2ba 0x1643c020 0x294 oops 2 2 com/sun/javafx/scene/control/skin/LabeledText 4 javafx/scene/control/Button
ciMethodData com/sun/javafx/geom/transform/Translate2D transform (Lcom/sun/javafx/geom/Vec3d;Lcom/sun/javafx/geom/Vec3d;)Lcom/sun/javafx/geom/Vec3d; 2 2798 orig 264 8 193 14 93 0 0 0 0 8 83 170 20 0 0 0 0 96 1 0 0 0 0 0 0 0 0 0 0 0 0 0 0 0 0 0 0 0 0 0 0 0 0 0 0 0 0 0 0 0 0 0 0 0 0 0 0 0 0 0 0 0 0 0 0 0 0 0 0 0 0 0 0 0 0 0 0 0 0 0 0 77 68 79 32 101 120 116 114 97 32 100 97 116 97 32 108 111 99 107 0 0 0 0 0 0 0 0 0 0 0 0 0 0 0 0 0 0 0 0 0 0 0 0 0 0 0 0 0 0 0 0 0 0 0 0 0 0 0 0 0 0 0 0 0 0 0 0 0 0 0 0 0 0 0 0 0 0 0 0 0 0 0 0 0 0 0 0 0 0 0 0 0 0 0 0 0 0 0 0 0 0 0 0 0 0 0 0 0 0 0 0 0 0 0 0 0 0 0 0 0 0 0 0 0 0 0 0 0 0 0 0 0 0 0 0 0 2 1 0 0 97 79 0 0 1 0 0 0 0 0 0 0 0 0 0 0 2 0 0 0 0 0 6 0 2 0 0 0 48 0 0 0 255 255 255 255 7 0 1 0 0 0 0 0 data 6 0x10007 0x9ec 0x30 0x0 0x80002 0x0 oops 0
ciMethodData javafx/scene/Node localToScene (DDD)Ljavafx/geometry/Point3D; 2 4464 orig 264 8 193 14 93 0 0 0 0 152 123 176 20 0 0 0 0 248 1 0 0 0 0 0 0 0 0 0 0 0 0 0 0 0 0 0 0 0 0 0 0 0 0 0 0 0 0 0 0 0 0 0 0 0 0 0 0 0 0 0 0 0 0 0 0 0 0 0 0 0 0 0 0 0 0 0 0 0 0 0 0 77 68 79 32 101 120 116 114 97 32 100 97 116 97 32 108 111 99 107 0 0 0 0 0 0 0 0 0 0 0 0 0 0 0 0 0 0 0 0 0 0 0 0 0 0 0 0 0 0 0 0 0 0 0 0 0 0 0 0 0 0 0 0 0 0 0 0 0 0 0 0 0 0 0 0 0 0 0 0 0 0 0 0 0 0 0 0 0 0 0 0 0 0 0 0 0 0 0 0 0 0 0 0 0 0 0 0 0 0 0 0 0 0 0 0 0 0 0 0 0 0 0 0 0 0 0 0 0 0 0 0 0 0 0 0 0 4 1 0 0 97 131 0 0 1 0 0 0 0 0 0 0 0 0 0 0 2 0 0 0 0 0 26 0 2 0 0 0 128 0 0 0 255 255 255 255 2 0 0 0 0 0 0 0 data 16 0x2 0x106c 0xe0005 0x0 0x1644cbc0 0x106c 0x0 0x0 0x140005 0x69d 0x1643c020 0x12a 0x1643c1b0 0x8a5 0x2a0002 0x106c oops 3 4 com/sun/javafx/geom/Vec3d 10 javafx/scene/control/Button 12 javafx/scene/layout/BorderPane
ciMethodData javafx/scene/Node localToScene (Ljavafx/geometry/Point3D;)Ljavafx/geometry/Point3D; 2 4400 orig 264 8 193 14 93 0 0 0 0 216 122 176 20 0 0 0 0 16 2 0 0 0 0 0 0 0 0 0 0 0 0 0 0 0 0 0 0 0 0 0 0 0 0 0 0 0 0 0 0 0 0 0 0 0 0 0 0 0 0 0 0 0 0 0 0 0 0 0 0 0 0 0 0 0 0 0 0 0 0 0 0 77 68 79 32 101 120 116 114 97 32 100 97 116 97 32 108 111 99 107 0 0 0 0 0 0 0 0 0 0 0 0 0 0 0 0 0 0 0 0 0 0 0 0 0 0 0 0 0 0 0 0 0 0 0 0 0 0 0 0 0 0 0 0 0 0 0 0 0 0 0 0 0 0 0 0 0 0 0 0 0 0 0 0 0 0 0 0 0 0 0 0 0 0 0 0 0 0 0 0 0 0 0 0 0 0 0 0 0 0 0 0 0 0 0 0 0 0 0 0 0 0 0 0 0 0 0 0 0 0 0 0 0 0 0 0 0 0 1 0 0 129 129 0 0 1 0 0 0 0 0 0 0 0 0 0 0 2 0 0 0 0 0 3 0 2 0 0 0 192 0 0 0 255 255 255 255 5 0 2 0 0 0 0 0 data 24 0x20005 0x0 0x1643b920 0x1030 0x0 0x0 0x60005 0x0 0x1643b920 0x1030 0x0 0x0 0xa0005 0x0 0x1643b920 0x1030 0x0 0x0 0xd0005 0x665 0x1643c1b0 0x8a5 0x1643c020 0x126 oops 5 2 javafx/geometry/Point3D 8 javafx/geometry/Point3D 14 javafx/geometry/Point3D 20 javafx/scene/layout/BorderPane 22 javafx/scene/control/Button
ciMethodData com/sun/javafx/scene/input/InputEventUtils recomputeCoordinates (Ljavafx/scene/input/PickResult;Ljava/lang/Object;)Ljavafx/geometry/Point3D; 2 5507 orig 264 8 193 14 93 0 0 0 0 200 181 18 26 0 0 0 0 216 5 0 0 40 4 0 0 0 0 0 0 0 0 0 0 0 0 0 0 0 0 0 0 0 0 0 0 0 0 0 0 0 0 0 0 0 0 0 0 0 0 0 0 0 0 0 0 0 0 0 0 0 0 0 0 0 0 0 0 0 0 0 0 77 68 79 32 101 120 116 114 97 32 100 97 116 97 32 108 111 99 107 0 0 0 0 0 0 0 0 0 0 0 0 0 0 0 0 0 0 0 0 0 0 0 0 0 0 0 0 0 0 0 0 0 0 0 0 0 0 0 0 0 0 0 0 0 0 0 0 0 0 0 0 0 0 0 0 0 0 0 0 0 0 0 0 0 0 0 0 0 0 0 0 0 0 0 0 0 0 0 0 0 0 0 0 0 0 0 0 0 0 0 0 0 0 0 0 0 0 0 0 0 0 0 0 0 0 0 0 0 0 0 0 0 0 0 0 0 131 1 0 0 1 160 0 0 1 0 0 0 0 0 0 0 0 0 0 0 2 0 0 0 0 0 48 0 2 0 0 0 136 4 0 0 255 255 255 255 5 0 1 0 0 0 0 0 data 145 0x10005 0x7 0x1643b850 0x13f9 0x0 0x0 0x60007 0x1400 0x30 0x0 0x160002 0x0 0x1b0005 0x7 0x1643b850 0x13f9 0x0 0x0 0x200104 0xfffffffffffffbc2 0x1643c020 0xdc 0x1643c100 0x2 0x230007 0x12e8 0x68 0x118 0x270004 0x0 0x1643c020 0xdc 0x1643c1b0 0x18 0x2a0003 0x118 0x18 0x310007 0xffa 0x38 0x406 0x350003 0x406 0x28 0x390002 0xffa 0x400007 0x118 0x38 0x12e8 0x440003 0x12e8 0x28 0x490002 0x118 0x520007 0x1400 0x38 0x0 0x560003 0x0 0x18 0x5d0007 0x406 0xa0 0xffa 0x620005 0x65a 0x1643c1b0 0x885 0x1643c020 0x11b 0x680007 0xffa 0x50 0x0 0x6d0007 0x0 0x30 0x0 0x730002 0x0 0x790007 0x12e8 0x1f8 0x118 0x7e0007 0x118 0x158 0x0 0x830007 0x0 0x138 0x0 0x880005 0x0 0x0 0x0 0x0 0x0 0x8b0002 0x0 0x8f0002 0x0 0x980002 0x0 0x9f0007 0x0 0x38 0x0 0xa40003 0x0 0x98 0xa90002 0x0 0xae0005 0x0 0x0 0x0 0x0 0x0 0xb30005 0x0 0x0 0x0 0x0 0x0 0xb60002 0x0 0xbb0007 0x0 0x50 0x118 0xc10005 0x24 0x1643c020 0xdc 0x1643c1b0 0x18 0xc60007 0x118 0x30 0x0 0xd60002 0x0 oops 10 2 javafx/scene/input/PickResult 14 javafx/scene/input/PickResult 20 javafx/scene/control/Button 22 javafx/event/Event$$Lambda$69 30 javafx/scene/control/Button 32 javafx/scene/layout/BorderPane 68 javafx/scene/layout/BorderPane 70 javafx/scene/control/Button 135 javafx/scene/control/Button 137 javafx/scene/layout/BorderPane
ciMethodData javafx/scene/Node sceneToLocal (Ljavafx/geometry/Point3D;)Ljavafx/geometry/Point3D; 1 348 orig 264 8 193 14 93 0 0 0 0 72 113 176 20 0 0 0 0 16 2 0 0 0 0 0 0 0 0 0 0 0 0 0 0 0 0 0 0 0 0 0 0 0 0 0 0 0 0 0 0 0 0 0 0 0 0 0 0 0 0 0 0 0 0 0 0 0 0 0 0 0 0 0 0 0 0 0 0 0 0 0 0 77 68 79 32 101 120 116 114 97 32 100 97 116 97 32 108 111 99 107 0 0 0 0 0 0 0 0 0 0 0 0 0 0 0 0 0 0 0 0 0 0 0 0 0 0 0 0 0 0 0 0 0 0 0 0 0 0 0 0 0 0 0 0 0 0 0 0 0 0 0 0 0 0 0 0 0 0 0 0 0 0 0 0 0 0 0 0 0 0 0 0 0 0 0 0 0 0 0 0 0 0 0 0 0 0 0 0 0 0 0 0 0 0 0 0 0 0 0 0 0 0 0 0 0 0 0 0 0 0 0 0 0 0 0 0 0 69 0 0 0 185 8 0 0 1 0 0 0 0 0 0 0 0 0 0 0 2 0 0 0 0 0 0 0 0 0 0 0 192 0 0 0 255 255 255 255 5 0 2 0 0 0 0 0 data 24 0x20005 0x0 0x1643b920 0x117 0x0 0x0 0x60005 0x0 0x1643b920 0x117 0x0 0x0 0xa0005 0x0 0x1643b920 0x117 0x0 0x0 0xd0005 0x24 0x1643c1b0 0x18 0x1643c020 0xdb oops 5 2 javafx/geometry/Point3D 8 javafx/geometry/Point3D 14 javafx/geometry/Point3D 20 javafx/scene/layout/BorderPane 22 javafx/scene/control/Button
ciMethodData javafx/scene/Node sceneToLocal (DDD)Ljavafx/geometry/Point3D; 1 348 orig 264 8 193 14 93 0 0 0 0 240 113 176 20 0 0 0 0 96 1 0 0 0 0 0 0 0 0 0 0 0 0 0 0 0 0 0 0 0 0 0 0 0 0 0 0 0 0 0 0 0 0 0 0 0 0 0 0 0 0 0 0 0 0 0 0 0 0 0 0 0 0 0 0 0 0 0 0 0 0 0 0 77 68 79 32 101 120 116 114 97 32 100 97 116 97 32 108 111 99 107 0 0 0 0 0 0 0 0 0 0 0 0 0 0 0 0 0 0 0 0 0 0 0 0 0 0 0 0 0 0 0 0 0 0 0 0 0 0 0 0 0 0 0 0 0 0 0 0 0 0 0 0 0 0 0 0 0 0 0 0 0 0 0 0 0 0 0 0 0 0 0 0 0 0 0 0 0 0 0 0 0 0 0 0 0 0 0 0 0 0 0 0 0 0 0 0 0 0 0 0 0 0 0 0 0 0 0 0 0 0 0 0 0 0 0 0 0 69 0 0 0 185 8 0 0 1 0 0 0 0 0 0 0 0 0 0 0 2 0 0 0 0 0 0 0 0 0 0 0 16 0 0 0 255 255 255 255 2 0 5 0 0 0 0 0 data 2 0x50002 0x117 oops 0
ciMethodData javafx/scene/Node sceneToLocal0 (DDD)Ljavafx/geometry/Point3D; 1 348 orig 264 8 193 14 93 0 0 0 0 208 114 176 20 0 0 0 0 248 1 0 0 0 0 0 0 0 0 0 0 0 0 0 0 0 0 0 0 0 0 0 0 0 0 0 0 0 0 0 0 0 0 0 0 0 0 0 0 0 0 0 0 0 0 0 0 0 0 0 0 0 0 0 0 0 0 0 0 0 0 0 0 77 68 79 32 101 120 116 114 97 32 100 97 116 97 32 108 111 99 107 0 0 0 0 0 0 0 0 0 0 0 0 0 0 0 0 0 0 0 0 0 0 0 0 0 0 0 0 0 0 0 0 0 0 0 0 0 0 0 0 0 0 0 0 0 0 0 0 0 0 0 0 0 0 0 0 0 0 0 0 0 0 0 0 0 0 0 0 0 0 0 0 0 0 0 0 0 0 0 0 0 0 0 0 0 0 0 0 0 0 0 0 0 0 0 0 0 0 0 0 0 0 0 0 0 0 0 0 0 0 0 0 0 0 0 0 0 69 0 0 0 185 8 0 0 1 0 0 0 0 0 0 0 0 0 0 0 2 0 0 0 0 0 26 0 2 0 0 0 128 0 0 0 255 255 255 255 2 0 0 0 0 0 0 0 data 16 0x2 0x117 0xe0005 0x0 0x1644cbc0 0x117 0x0 0x0 0x140005 0x24 0x1643c1b0 0x18 0x1643c020 0xdb 0x2a0002 0x117 oops 3 4 com/sun/javafx/geom/Vec3d 10 javafx/scene/layout/BorderPane 12 javafx/scene/control/Button
ciMethodData com/sun/javafx/geom/transform/Identity transform (Lcom/sun/javafx/geom/Vec3d;Lcom/sun/javafx/geom/Vec3d;)Lcom/sun/javafx/geom/Vec3d; 2 4528 orig 264 8 193 14 93 0 0 0 0 48 33 170 20 0 0 0 0 184 1 0 0 32 0 0 0 0 0 0 0 0 0 0 0 0 0 0 0 0 0 0 0 0 0 0 0 0 0 0 0 0 0 0 0 0 0 0 0 0 0 0 0 0 0 0 0 0 0 0 0 0 0 0 0 0 0 0 0 0 0 0 0 77 68 79 32 101 120 116 114 97 32 100 97 116 97 32 108 111 99 107 0 0 0 0 0 0 0 0 0 0 0 0 0 0 0 0 0 0 0 0 0 0 0 0 0 0 0 0 0 0 0 0 0 0 0 0 0 0 0 0 0 0 0 0 0 0 0 0 0 0 0 0 0 0 0 0 0 0 0 0 0 0 0 0 0 0 0 0 0 0 0 0 0 0 0 0 0 0 0 0 0 0 0 0 0 0 0 0 0 0 0 0 0 0 0 0 0 0 0 0 0 0 0 0 0 0 0 0 0 0 0 0 0 0 0 0 0 134 1 0 0 81 129 0 0 1 0 0 0 0 0 0 0 0 0 0 0 2 0 0 0 0 0 5 0 2 0 0 0 96 0 0 0 255 255 255 255 7 0 1 0 0 0 0 0 data 12 0x10007 0x102a 0x30 0x0 0x90002 0x0 0xf0005 0x0 0x1644cbc0 0x102a 0x0 0x0 oops 1 8 com/sun/javafx/geom/Vec3d
ciMethodData javafx/scene/Node sceneToLocal (Lcom/sun/javafx/geom/Vec3d;)V 1 693 orig 264 8 193 14 93 0 0 0 0 112 149 176 20 0 0 0 0 48 2 0 0 128 0 0 0 0 0 0 0 0 0 0 0 0 0 0 0 0 0 0 0 0 0 0 0 0 0 0 0 0 0 0 0 0 0 0 0 0 0 0 0 0 0 0 0 0 0 0 0 0 0 0 0 0 0 0 0 0 0 0 0 77 68 79 32 101 120 116 114 97 32 100 97 116 97 32 108 111 99 107 0 0 0 0 0 0 0 0 0 0 0 0 0 0 0 0 0 0 0 0 0 0 0 0 0 0 0 0 0 0 0 0 0 0 0 0 0 0 0 0 0 0 0 0 0 0 0 0 0 0 0 0 0 0 0 0 0 0 0 0 0 0 0 0 0 0 0 0 0 0 0 0 0 0 0 0 0 0 0 0 0 0 0 0 0 0 0 0 0 0 0 0 0 0 0 0 0 0 0 0 0 0 0 0 0 0 0 0 0 0 0 0 0 0 0 0 0 129 1 0 0 161 9 0 0 1 0 0 0 0 0 0 0 0 0 0 0 2 0 0 0 0 0 33 0 2 0 0 0 224 0 0 0 255 255 255 255 5 0 1 0 0 0 0 0 data 28 0x10005 0x96 0x17468c30 0x5 0x1643c1b0 0x99 0x40007 0x99 0x80 0x9b 0x80005 0xa 0x17468c30 0x5 0x1643c020 0x8c 0xc0005 0x0 0x1643c1b0 0x91 0x1643c020 0xa 0x110005 0x96 0x1643c1b0 0x99 0x17468c30 0x5 oops 8 2 javafx/scene/image/ImageView 4 javafx/scene/layout/BorderPane 12 javafx/scene/image/ImageView 14 javafx/scene/control/Button 18 javafx/scene/layout/BorderPane 20 javafx/scene/control/Button 24 javafx/scene/layout/BorderPane 26 javafx/scene/image/ImageView
ciMethodData javafx/scene/Node parentToLocal (Lcom/sun/javafx/geom/Vec3d;)V 1 693 orig 264 8 193 14 93 0 0 0 0 248 147 176 20 0 0 0 0 176 1 0 0 0 0 0 0 0 0 0 0 0 0 0 0 0 0 0 0 0 0 0 0 0 0 0 0 0 0 0 0 0 0 0 0 0 0 0 0 0 0 0 0 0 0 0 0 0 0 0 0 0 0 0 0 0 0 0 0 0 0 0 0 77 68 79 32 101 120 116 114 97 32 100 97 116 97 32 108 111 99 107 0 0 0 0 0 0 0 0 0 0 0 0 0 0 0 0 0 0 0 0 0 0 0 0 0 0 0 0 0 0 0 0 0 0 0 0 0 0 0 0 0 0 0 0 0 0 0 0 0 0 0 0 0 0 0 0 0 0 0 0 0 0 0 0 0 0 0 0 0 0 0 0 0 0 0 0 0 0 0 0 0 0 0 0 0 0 0 0 0 0 0 0 0 0 0 0 0 0 0 0 0 0 0 0 0 0 0 0 0 0 0 0 0 0 0 0 0 129 1 0 0 161 9 0 0 1 0 0 0 0 0 0 0 0 0 0 0 2 0 0 0 0 0 3 0 2 0 0 0 96 0 0 0 255 255 255 255 5 0 1 0 0 0 0 0 data 12 0x10005 0x96 0x1643c1b0 0x99 0x17468c30 0x5 0xa0005 0x0 0x175846c0 0x99 0x17584610 0x9b oops 4 2 javafx/scene/layout/BorderPane 4 javafx/scene/image/ImageView 8 com/sun/javafx/geom/transform/Identity 10 com/sun/javafx/geom/transform/Translate2D
instanceKlass java/util/WeakHashMap$1
instanceKlass com/sun/prism/impl/BaseResourcePool$$Lambda$215
instanceKlass com/sun/javafx/scene/input/KeyCodeMap
instanceKlass com/sun/javafx/tk/quantum/GlassViewEventHandler$$Lambda$214
instanceKlass com/sun/prism/Image$1
instanceKlass com/sun/javafx/iio/ImageFrame
instanceKlass com/sun/javafx/iio/ImageMetadata
instanceKlass com/sun/javafx/iio/bmp/BitmapInfoHeader
instanceKlass com/sun/javafx/iio/bmp/LEInputStream
instanceKlass com/sun/javafx/iio/common/ImageLoaderImpl
instanceKlass java/util/Vector$1
instanceKlass com/sun/javafx/iio/common/ImageTools
instanceKlass com/sun/javafx/iio/ImageFormatDescription$Signature
instanceKlass com/sun/javafx/iio/common/ImageDescriptor
instanceKlass com/sun/javafx/iio/bmp/BMPImageLoaderFactory
instanceKlass com/sun/javafx/iio/png/PNGImageLoaderFactory
instanceKlass com/sun/javafx/iio/jpeg/JPEGImageLoaderFactory
instanceKlass com/sun/javafx/iio/ImageLoader
instanceKlass com/sun/javafx/iio/ImageFormatDescription
instanceKlass com/sun/javafx/iio/gif/GIFImageLoaderFactory
instanceKlass com/sun/javafx/iio/ImageLoaderFactory
instanceKlass com/sun/javafx/iio/ImageStorage
instanceKlass com/sun/javafx/tk/quantum/PrismImageLoader2$PrismLoadListener
instanceKlass com/sun/javafx/iio/ImageLoadListener
instanceKlass com/sun/javafx/tk/quantum/PrismImageLoader2
instanceKlass org/opencv/core/CvType
instanceKlass java/util/regex/Pattern$CharPropertyNames$CharPropertyFactory
instanceKlass java/util/regex/Pattern$CharPropertyNames
instanceKlass javafx/scene/image/Image$1
instanceKlass javafx/scene/image/PixelReader
instanceKlass com/sun/javafx/tk/Toolkit$ImageAccessor
instanceKlass org/opencv/imgcodecs/Imgcodecs
instanceKlass org/opencv/imgproc/Imgproc
instanceKlass com/sun/javafx/geom/transform/TransformHelper
instanceKlass com/sun/javafx/geometry/BoundsUtils
instanceKlass java/util/concurrent/RunnableScheduledFuture
instanceKlass java/util/concurrent/ScheduledFuture
instanceKlass java/util/concurrent/Delayed
instanceKlass application/UIController$2
instanceKlass application/UIController$1
instanceKlass javafx/animation/KeyValue
instanceKlass javafx/scene/Scene$ClickCounter$$Lambda$213
instanceKlass com/sun/scenario/animation/shared/InterpolationInterval
instanceKlass com/sun/scenario/animation/shared/ClipInterpolator
instanceKlass com/sun/scenario/animation/shared/TimelineClipCore$$Lambda$212
instanceKlass javafx/animation/KeyFrame
instanceKlass com/sun/scenario/animation/shared/TimelineClipCore
instanceKlass com/sun/javafx/tk/TKDragSourceListener
instanceKlass javafx/scene/Scene$DnDGesture
instanceKlass com/sun/glass/ui/win/WinClipboardDelegate
instanceKlass com/sun/glass/ui/Clipboard
instanceKlass com/sun/javafx/font/directwrite/D2D1_POINT_2F
instanceKlass com/sun/glass/ui/Size
instanceKlass com/sun/javafx/font/directwrite/D2D1_PIXEL_FORMAT
instanceKlass com/sun/javafx/font/directwrite/D2D1_RENDER_TARGET_PROPERTIES
instanceKlass com/sun/javafx/tk/quantum/CursorUtils$1
instanceKlass com/sun/javafx/tk/quantum/CursorUtils
instanceKlass javafx/scene/Node$$Lambda$211
instanceKlass java/util/EnumMap$EnumMapIterator
instanceKlass com/sun/prism/shader/Mask_TextureSuper_Loader
instanceKlass com/sun/prism/shader/FillRoundRect_Color_Loader
instanceKlass com/sun/javafx/scene/input/InputEventUtils
instanceKlass javafx/scene/input/PickResult
instanceKlass com/sun/prism/impl/shape/BasicShapeRep
instanceKlass javafx/scene/input/MouseEvent$Flags
instanceKlass com/sun/javafx/tk/quantum/GlassViewEventHandler$$Lambda$210
instanceKlass java/lang/invoke/LambdaForm$MH
instanceKlass java/lang/invoke/LambdaForm$DMH
instanceKlass java/lang/invoke/LambdaForm$DMH
instanceKlass javafx/animation/Animation$1$$Lambda$209
instanceKlass java/lang/invoke/LambdaForm$DMH
instanceKlass com/sun/scenario/animation/AnimationPulse$PulseData$$Lambda$208
instanceKlass com/sun/scenario/animation/AnimationPulse$PulseData$$Lambda$207
instanceKlass com/sun/scenario/animation/AnimationPulse$PulseData$$Lambda$206
instanceKlass com/sun/scenario/animation/AnimationPulse$PulseData$$Lambda$205
instanceKlass com/sun/scenario/animation/AnimationPulse$PulseData$$Lambda$204
instanceKlass com/sun/scenario/animation/AnimationPulse$PulseData$$Lambda$203
instanceKlass com/sun/scenario/animation/AnimationPulse$PulseData$$Lambda$202
instanceKlass com/sun/scenario/animation/AnimationPulse$PulseData$$Lambda$201
instanceKlass java/lang/invoke/LambdaForm$DMH
instanceKlass java/lang/invoke/LambdaForm$DMH
instanceKlass com/sun/scenario/animation/AnimationPulse$PulseData
instanceKlass com/sun/scenario/animation/AnimationPulse$PulseData$Accessor
instanceKlass java/util/concurrent/ConcurrentLinkedQueue$Node
instanceKlass com/sun/scenario/animation/AnimationPulse$AnimationPulseHolder
instanceKlass com/sun/scenario/animation/AnimationPulse
instanceKlass com/sun/scenario/animation/AnimationPulseMBean
instanceKlass javafx/animation/Animation$5
instanceKlass com/sun/javafx/geom/transform/Affine2D$1
instanceKlass com/sun/javafx/tk/quantum/OverlayWarning$$Lambda$200
instanceKlass javafx/animation/SequentialTransition$1
instanceKlass javafx/animation/SequentialTransition$$Lambda$199
instanceKlass com/sun/scenario/animation/shared/ClipEnvelope
instanceKlass javafx/animation/Animation$1
instanceKlass javafx/animation/Interpolator
instanceKlass javafx/util/Duration
instanceKlass com/sun/scenario/animation/shared/AnimationAccessor
instanceKlass javafx/animation/Animation
instanceKlass com/sun/javafx/binding/BindingHelperObserver
instanceKlass com/sun/javafx/font/PrismFontFactory$TTFilter
instanceKlass com/sun/javafx/font/PrismFontFactory$$Lambda$198
instanceKlass com/sun/javafx/tk/quantum/WindowStage$$Lambda$197
instanceKlass java/util/Collections$UnmodifiableList$1
instanceKlass com/sun/prism/shader/Texture_LinearGradient_PAD_Loader
instanceKlass com/sun/javafx/geom/Path2D$Iterator
instanceKlass com/sun/javafx/image/impl/BaseByteToByteConverter
instanceKlass com/sun/javafx/image/impl/ByteGray$Accessor
instanceKlass com/sun/javafx/image/BytePixelAccessor
instanceKlass com/sun/javafx/image/ByteToBytePixelConverter
instanceKlass com/sun/javafx/image/PixelConverter
instanceKlass com/sun/javafx/image/BytePixelSetter
instanceKlass com/sun/javafx/image/PixelSetter
instanceKlass com/sun/javafx/image/BytePixelGetter
instanceKlass com/sun/javafx/image/impl/ByteGray
instanceKlass com/sun/prism/shader/Texture_Color_Loader
instanceKlass com/sun/prism/impl/shape/NativePiscesRasterizer$$Lambda$196
instanceKlass com/sun/prism/impl/shape/NativePiscesRasterizer
instanceKlass com/sun/prism/impl/shape/ShapeRasterizer
instanceKlass com/sun/prism/impl/shape/ShapeUtil
instanceKlass com/sun/prism/impl/shape/MaskData
instanceKlass com/sun/prism/impl/GlyphCache$GlyphData
instanceKlass com/sun/prism/shader/Solid_TextureSecondPassLCD_Loader
instanceKlass com/sun/prism/shader/Solid_TextureFirstPassLCD_Loader
instanceKlass com/sun/prism/impl/GlyphCache
instanceKlass com/sun/prism/PrinterGraphics
instanceKlass com/sun/prism/shader/Solid_TextureRGB_Loader
instanceKlass com/sun/prism/MultiTexture
instanceKlass com/sun/prism/d3d/D3DTexture$1
instanceKlass com/sun/prism/impl/ps/BaseShaderContext$1
instanceKlass com/sun/prism/shader/FillPgram_LinearGradient_PAD_Loader
instanceKlass javafx/scene/image/PixelFormat
instanceKlass com/sun/javafx/image/PixelGetter
instanceKlass com/sun/prism/Image$Accessor
instanceKlass com/sun/prism/Image
instanceKlass com/sun/prism/impl/BufferUtil$$Lambda$195
instanceKlass com/sun/prism/impl/BufferUtil
instanceKlass com/sun/prism/impl/ps/PaintHelper
instanceKlass com/sun/prism/paint/Stop
instanceKlass com/sun/javafx/sg/prism/RegionImageCache$CachedImage
instanceKlass com/sun/prism/impl/packrect/Level
instanceKlass com/sun/prism/impl/packrect/RectanglePacker
instanceKlass com/sun/prism/impl/BaseResourceFactory$1
instanceKlass com/sun/javafx/sg/prism/RegionImageCache
instanceKlass com/sun/prism/d3d/D3DContext$1
instanceKlass java/nio/DirectByteBuffer$Deallocator
instanceKlass com/sun/prism/shader/FillPgram_Color_Loader
instanceKlass com/sun/prism/d3d/D3DResourceFactory$$Lambda$194
instanceKlass com/sun/javafx/geom/transform/Affine3D$1
instanceKlass com/sun/prism/impl/BaseGraphicsResource
instanceKlass com/sun/prism/impl/ps/BaseShaderGraphics$$Lambda$193
instanceKlass com/sun/javafx/geom/PathIterator
instanceKlass com/sun/prism/impl/Disposer$Target
instanceKlass com/sun/prism/impl/Disposer
instanceKlass com/sun/prism/impl/PrismTrace
instanceKlass com/sun/prism/d3d/D3DResource$D3DRecord
instanceKlass com/sun/prism/impl/Disposer$Record
instanceKlass com/sun/prism/impl/BaseTexture
instanceKlass com/sun/prism/d3d/D3DContextSource
instanceKlass com/sun/prism/ReadbackRenderTarget
instanceKlass com/sun/prism/d3d/D3DRenderTarget
instanceKlass com/sun/prism/impl/BaseResourcePool$WeakLinkedList
instanceKlass com/sun/prism/impl/BaseResourcePool$$Lambda$192
instanceKlass com/sun/prism/impl/BaseResourcePool$$Lambda$191
instanceKlass com/sun/prism/impl/BaseResourcePool$$Lambda$190
instanceKlass com/sun/prism/impl/BaseResourcePool$$Lambda$189
instanceKlass com/sun/prism/impl/BaseResourcePool$$Lambda$188
instanceKlass com/sun/prism/impl/BaseResourcePool$$Lambda$187
instanceKlass java/lang/invoke/LambdaForm$DMH
instanceKlass java/lang/invoke/LambdaForm$DMH
instanceKlass com/sun/prism/impl/ManagedResource
instanceKlass com/sun/prism/impl/BaseResourcePool$Predicate
instanceKlass com/sun/prism/impl/BaseResourcePool
instanceKlass com/sun/javafx/tk/quantum/PaintCollector$$Lambda$186
instanceKlass com/sun/javafx/tk/quantum/PaintCollector$$Lambda$185
instanceKlass com/sun/javafx/tk/quantum/ViewScene$$Lambda$184
instanceKlass com/sun/javafx/cursor/CursorFrame
instanceKlass com/sun/prism/image/CompoundImage
instanceKlass com/sun/javafx/scene/traversal/TabOrderHelper
instanceKlass com/sun/javafx/tk/Toolkit$$Lambda$183
instanceKlass com/sun/javafx/tk/Toolkit$$Lambda$182
instanceKlass java/lang/invoke/LambdaForm$MH
instanceKlass java/lang/invoke/LambdaForm$DMH
instanceKlass java/lang/invoke/LambdaForm$DMH
instanceKlass com/sun/javafx/tk/quantum/WindowStage$$Lambda$181
instanceKlass com/sun/javafx/tk/quantum/GlassViewEventHandler$ViewEventNotification$$Lambda$180
instanceKlass javafx/scene/text/Text$9
instanceKlass com/sun/javafx/scene/control/behavior/TextBinding
instanceKlass javafx/scene/layout/Region$11
instanceKlass com/sun/javafx/text/TextLine
instanceKlass java/util/ArrayList$SubList$1
instanceKlass com/sun/javafx/font/directwrite/DWRITE_GLYPH_METRICS
instanceKlass com/sun/javafx/font/directwrite/DWRITE_GLYPH_RUN
instanceKlass com/sun/javafx/font/directwrite/RECT
instanceKlass com/sun/javafx/font/directwrite/D2D1_MATRIX_3X2_F
instanceKlass com/sun/javafx/font/directwrite/D2D1_COLOR_F
instanceKlass com/sun/javafx/font/directwrite/DWGlyph
instanceKlass com/sun/javafx/font/CMap
instanceKlass com/sun/javafx/font/Glyph
instanceKlass com/sun/javafx/font/PrismMetrics
instanceKlass com/sun/javafx/text/LayoutCache
instanceKlass com/sun/javafx/text/ScriptMapper
instanceKlass sun/text/bidi/BidiLine
instanceKlass sun/text/normalizer/UTF16
instanceKlass sun/text/normalizer/CharTrie$FriendAgent
instanceKlass sun/text/normalizer/Trie$DefaultGetFoldingOffset
instanceKlass sun/text/normalizer/Trie$DataManipulate
instanceKlass sun/text/normalizer/Trie
instanceKlass sun/text/normalizer/ICUBinary
instanceKlass sun/text/normalizer/UBiDiProps$IsAcceptable
instanceKlass sun/text/normalizer/ICUBinary$Authenticate
instanceKlass sun/text/normalizer/ICUData
instanceKlass sun/text/normalizer/UBiDiProps
instanceKlass sun/text/bidi/BidiBase$Point
instanceKlass sun/text/bidi/BidiBase$InsertPoints
instanceKlass sun/text/bidi/BidiRun
instanceKlass sun/text/bidi/BidiBase$ImpTabPair
instanceKlass sun/text/bidi/BidiBase
instanceKlass java/text/Bidi
instanceKlass com/sun/javafx/text/TextRun
instanceKlass javafx/scene/Parent$4
instanceKlass com/sun/javafx/scene/control/skin/ButtonSkin$$Lambda$179
instanceKlass com/sun/javafx/scene/control/skin/ButtonSkin$$Lambda$178
instanceKlass javafx/beans/property/DoublePropertyBase$Listener
instanceKlass javafx/beans/property/BooleanPropertyBase$Listener
instanceKlass com/sun/javafx/font/Disposer$1
instanceKlass com/sun/javafx/font/Disposer
instanceKlass com/sun/javafx/font/CompositeStrikeDisposer
instanceKlass com/sun/javafx/font/Metrics
instanceKlass com/sun/javafx/font/CompositeStrike
instanceKlass com/sun/javafx/font/FontStrikeDesc
instanceKlass com/sun/javafx/font/PrismCompositeFontResource
instanceKlass java/io/RandomAccessFile$1
instanceKlass com/sun/javafx/font/PrismFontFile$DirectoryEntry
instanceKlass com/sun/javafx/font/FontFileReader$Buffer
instanceKlass com/sun/javafx/font/FontFileReader$$Lambda$177
instanceKlass java/io/RandomAccessFile
instanceKlass com/sun/javafx/font/FontFileReader
instanceKlass com/sun/javafx/font/PrismFontStrike
instanceKlass com/sun/javafx/font/DisposerRecord
instanceKlass com/sun/javafx/font/WindowsFontMap$FamilyDescription
instanceKlass com/sun/javafx/font/WindowsFontMap
instanceKlass javafx/scene/text/Text$TextAttribute
instanceKlass javafx/scene/shape/Shape$StyleableProperties
instanceKlass javafx/scene/text/Text$StyleableProperties
instanceKlass com/sun/javafx/scene/control/skin/LabeledSkinBase$$Lambda$176
instanceKlass javafx/collections/FXCollections$UnmodifiableObservableSet$1
instanceKlass com/sun/javafx/scene/control/skin/MenuButtonSkin$$Lambda$175
instanceKlass com/sun/javafx/scene/control/skin/MenuButtonSkin$$Lambda$174
instanceKlass com/sun/javafx/scene/control/skin/MenuButtonSkin$1
instanceKlass com/sun/javafx/scene/control/MultiplePropertyChangeListenerHandler$1
instanceKlass com/sun/javafx/scene/control/skin/BehaviorSkinBase$$Lambda$173
instanceKlass com/sun/javafx/scene/control/MultiplePropertyChangeListenerHandler
instanceKlass com/sun/javafx/scene/control/skin/MenuButtonSkinBase$$Lambda$172
instanceKlass com/sun/javafx/scene/control/ControlAcceleratorSupport$$Lambda$171
instanceKlass com/sun/javafx/scene/control/ControlAcceleratorSupport$$Lambda$170
instanceKlass com/sun/javafx/scene/control/ControlAcceleratorSupport
instanceKlass com/sun/javafx/scene/control/skin/MenuButtonSkinBase$$Lambda$169
instanceKlass javafx/scene/layout/StackPane$StyleableProperties
instanceKlass javafx/stage/PopupWindow$2
instanceKlass com/sun/javafx/util/TempState
instanceKlass javafx/stage/PopupWindow$$Lambda$168
instanceKlass javafx/stage/PopupWindow$1
instanceKlass javafx/scene/layout/StackPane$$Lambda$167
instanceKlass com/sun/javafx/scene/control/skin/MenuButtonSkinBase$MenuLabeledImpl$$Lambda$166
instanceKlass com/sun/javafx/scene/control/skin/LabeledImpl$StyleableProperties
instanceKlass com/sun/javafx/scene/control/skin/LabeledImpl$Shuttler
instanceKlass javafx/scene/control/Label$$Lambda$165
instanceKlass com/sun/javafx/css/BitSet$1
instanceKlass com/sun/javafx/scene/control/Logging
instanceKlass com/sun/javafx/scene/control/skin/MenuBarSkin$$Lambda$164
instanceKlass java/lang/invoke/LambdaForm$DMH
instanceKlass com/sun/javafx/scene/control/skin/MenuBarSkin$$Lambda$163
instanceKlass com/sun/javafx/scene/KeyboardShortcutsHandler$CopyOnWriteMap$1$1
instanceKlass com/sun/javafx/scene/control/skin/MenuBarSkin$$Lambda$162
instanceKlass javafx/scene/input/KeyCombination$Modifier
instanceKlass com/sun/javafx/scene/control/skin/MenuBarSkin$$Lambda$161
instanceKlass com/sun/javafx/scene/control/skin/MenuBarSkin$$Lambda$160
instanceKlass com/sun/javafx/scene/control/skin/MenuBarSkin$$Lambda$159
instanceKlass com/sun/javafx/scene/control/skin/MenuBarSkin$$Lambda$158
instanceKlass com/sun/javafx/scene/control/skin/MenuBarSkin$$Lambda$157
instanceKlass com/sun/javafx/scene/control/skin/MenuBarSkin$$Lambda$156
instanceKlass com/sun/javafx/scene/control/skin/MenuBarSkin$$Lambda$155
instanceKlass javafx/beans/property/ObjectPropertyBase$Listener
instanceKlass javafx/beans/value/WritableLongValue
instanceKlass javafx/beans/value/WritableIntegerValue
instanceKlass javafx/beans/value/WritableFloatValue
instanceKlass com/sun/javafx/binding/BidirectionalBinding
instanceKlass javafx/beans/value/ObservableLongValue
instanceKlass javafx/beans/value/ObservableFloatValue
instanceKlass javafx/beans/value/ObservableIntegerValue
instanceKlass javafx/beans/binding/Bindings
instanceKlass com/sun/javafx/scene/control/skin/MenuBarSkin$$Lambda$154
instanceKlass java/lang/invoke/LambdaForm$DMH
instanceKlass javafx/beans/property/StringPropertyBase$Listener
instanceKlass com/sun/javafx/scene/control/skin/MenuBarSkin$MenuBarButton$$Lambda$153
instanceKlass com/sun/javafx/scene/control/skin/MenuBarSkin$MenuBarButton$$Lambda$152
instanceKlass com/sun/javafx/collections/VetoableListDecorator$ModCountAccessorImpl
instanceKlass com/sun/javafx/collections/VetoableListDecorator$VetoableIteratorDecorator
instanceKlass com/sun/javafx/scene/control/skin/MenuBarSkin$$Lambda$151
instanceKlass com/sun/javafx/scene/control/skin/MenuBarSkin$$Lambda$150
instanceKlass javafx/beans/value/WeakChangeListener
instanceKlass com/sun/javafx/scene/control/skin/MenuBarSkin$$Lambda$149
instanceKlass com/sun/javafx/scene/control/skin/MenuBarSkin$$Lambda$148
instanceKlass com/sun/javafx/scene/text/TextLine
instanceKlass com/sun/javafx/scene/text/GlyphList
instanceKlass java/text/CharacterIterator
instanceKlass com/sun/javafx/text/PrismTextLayout
instanceKlass com/sun/javafx/scene/text/TextLayout
instanceKlass com/sun/javafx/text/PrismTextLayoutFactory
instanceKlass javafx/scene/text/Text$$Lambda$147
instanceKlass javafx/scene/text/Text$$Lambda$146
instanceKlass com/sun/javafx/scene/text/TextSpan
instanceKlass com/sun/javafx/scene/control/skin/Utils
instanceKlass com/sun/javafx/scene/control/skin/MenuBarSkin$$Lambda$145
instanceKlass java/util/function/Consumer
instanceKlass com/sun/javafx/scene/control/skin/MenuBarSkin$$Lambda$144
instanceKlass java/lang/invoke/LambdaForm$DMH
instanceKlass com/sun/javafx/scene/control/skin/MenuBarSkin$$Lambda$143
instanceKlass java/lang/invoke/LambdaForm$DMH
instanceKlass javafx/scene/layout/HBox$StyleableProperties
instanceKlass javafx/scene/layout/HBox$$Lambda$142
instanceKlass com/sun/javafx/scene/control/skin/MenuBarSkin$$Lambda$141
instanceKlass com/sun/javafx/scene/control/skin/MenuBarSkin$$Lambda$140
instanceKlass com/sun/javafx/scene/control/skin/MenuBarSkin$1
instanceKlass com/sun/javafx/scene/control/skin/BehaviorSkinBase$2
instanceKlass com/sun/javafx/scene/control/skin/BehaviorSkinBase$1
instanceKlass com/sun/javafx/scene/control/behavior/BehaviorBase$$Lambda$139
instanceKlass com/sun/javafx/scene/control/behavior/BehaviorBase$$Lambda$138
instanceKlass com/sun/javafx/robot/impl/FXRobotHelper$FXRobotInputAccessor
instanceKlass com/sun/javafx/scene/control/behavior/KeyBinding
instanceKlass com/sun/javafx/scene/control/behavior/BehaviorBase
instanceKlass javafx/scene/control/SkinBase$StyleableProperties
instanceKlass javafx/scene/control/SkinBase$$Lambda$137
instanceKlass com/sun/javafx/scene/traversal/TraverseListener
instanceKlass javafx/scene/paint/Stop
instanceKlass javafx/scene/layout/BackgroundFill
instanceKlass com/sun/javafx/css/StyleCacheEntry
instanceKlass com/sun/javafx/css/Style
instanceKlass com/sun/javafx/css/parser/StopConverter$Holder
instanceKlass com/sun/javafx/css/parser/LadderConverter$Holder
instanceKlass com/sun/javafx/css/parser/DeriveColorConverter$Holder
instanceKlass com/sun/javafx/css/Declaration
instanceKlass com/sun/javafx/css/Rule$Observables
instanceKlass com/sun/javafx/css/Match
instanceKlass com/sun/javafx/css/CalculatedValue
instanceKlass com/sun/javafx/css/StyleCacheEntry$Key
instanceKlass com/sun/javafx/css/StyleCache
instanceKlass sun/security/provider/ByteArrayAccess
instanceKlass sun/security/jca/GetInstance$Instance
instanceKlass java/security/Provider$UString
instanceKlass java/security/Provider$Service
instanceKlass sun/security/provider/NativePRNG$NonBlocking
instanceKlass sun/security/provider/NativePRNG$Blocking
instanceKlass sun/security/provider/NativePRNG
instanceKlass sun/security/provider/SunEntries$1
instanceKlass sun/security/provider/SunEntries
instanceKlass sun/security/jca/ProviderConfig$2
instanceKlass sun/security/jca/ProviderList$2
instanceKlass java/security/Provider$EngineDescription
instanceKlass java/security/Provider$ServiceKey
instanceKlass sun/security/jca/ProviderConfig
instanceKlass sun/security/jca/ProviderList
instanceKlass sun/security/jca/Providers
instanceKlass sun/security/jca/GetInstance
instanceKlass java/security/Security$1
instanceKlass java/security/Security
instanceKlass java/security/MessageDigestSpi
instanceKlass com/sun/javafx/css/parser/Token
instanceKlass com/sun/javafx/css/parser/CSSLexer$UnitsState$$Lambda$136
instanceKlass com/sun/javafx/css/parser/CSSLexer$$Lambda$135
instanceKlass com/sun/javafx/css/parser/CSSLexer$$Lambda$134
instanceKlass com/sun/javafx/css/parser/CSSLexer$$Lambda$133
instanceKlass com/sun/javafx/css/parser/CSSLexer$$Lambda$132
instanceKlass com/sun/javafx/css/parser/CSSLexer$$Lambda$131
instanceKlass com/sun/javafx/css/parser/CSSLexer$$Lambda$130
instanceKlass com/sun/javafx/css/parser/CSSLexer$$Lambda$129
instanceKlass com/sun/javafx/css/parser/CSSLexer$$Lambda$128
instanceKlass java/lang/invoke/LambdaForm$BMH
instanceKlass com/sun/javafx/css/parser/CSSLexer$$Lambda$127
instanceKlass com/sun/javafx/css/parser/CSSLexer$$Lambda$126
instanceKlass com/sun/javafx/css/parser/CSSLexer$$Lambda$125
instanceKlass com/sun/javafx/css/parser/CSSLexer$$Lambda$124
instanceKlass com/sun/javafx/css/parser/CSSLexer$$Lambda$123
instanceKlass com/sun/javafx/css/parser/CSSLexer$$Lambda$122
instanceKlass com/sun/javafx/css/parser/CSSLexer$$Lambda$121
instanceKlass com/sun/javafx/css/parser/CSSLexer$$Lambda$120
instanceKlass com/sun/javafx/css/parser/CSSLexer$$Lambda$119
instanceKlass com/sun/javafx/css/parser/CSSLexer$$Lambda$118
instanceKlass com/sun/javafx/css/parser/CSSLexer$$Lambda$117
instanceKlass com/sun/javafx/css/parser/CSSLexer$$Lambda$116
instanceKlass com/sun/javafx/css/parser/CSSLexer$$Lambda$115
instanceKlass com/sun/javafx/css/parser/CSSLexer$$Lambda$114
instanceKlass com/sun/javafx/css/parser/CSSLexer$$Lambda$113
instanceKlass com/sun/javafx/css/parser/CSSLexer$$Lambda$112
instanceKlass com/sun/javafx/css/parser/CSSLexer$$Lambda$111
instanceKlass com/sun/javafx/css/parser/CSSLexer$$Lambda$110
instanceKlass com/sun/javafx/css/parser/CSSLexer$$Lambda$109
instanceKlass com/sun/javafx/css/parser/CSSLexer$$Lambda$108
instanceKlass com/sun/javafx/css/parser/CSSLexer$$Lambda$107
instanceKlass com/sun/javafx/css/parser/CSSLexer$$Lambda$106
instanceKlass com/sun/javafx/css/parser/CSSLexer$$Lambda$105
instanceKlass com/sun/javafx/css/parser/CSSLexer$$Lambda$104
instanceKlass com/sun/javafx/css/parser/CSSLexer$$Lambda$103
instanceKlass com/sun/javafx/css/parser/CSSLexer$$Lambda$102
instanceKlass com/sun/javafx/css/parser/CSSLexer$$Lambda$101
instanceKlass com/sun/javafx/css/parser/CSSLexer$$Lambda$100
instanceKlass com/sun/javafx/css/parser/CSSLexer$$Lambda$99
instanceKlass com/sun/javafx/css/parser/CSSLexer$$Lambda$98
instanceKlass com/sun/javafx/css/parser/CSSLexer$$Lambda$97
instanceKlass com/sun/javafx/css/parser/CSSLexer$$Lambda$96
instanceKlass com/sun/javafx/css/parser/CSSLexer$$Lambda$95
instanceKlass com/sun/javafx/css/parser/CSSLexer$$Lambda$94
instanceKlass com/sun/javafx/css/parser/CSSLexer$$Lambda$93
instanceKlass com/sun/javafx/css/parser/CSSLexer$$Lambda$92
instanceKlass com/sun/javafx/css/parser/CSSLexer$$Lambda$91
instanceKlass com/sun/javafx/css/parser/CSSLexer$$Lambda$90
instanceKlass com/sun/javafx/css/parser/CSSLexer$$Lambda$89
instanceKlass com/sun/javafx/css/parser/Recognizer
instanceKlass java/lang/invoke/LambdaForm$DMH
instanceKlass com/sun/javafx/css/parser/LexerState
instanceKlass com/sun/javafx/css/parser/CSSLexer
instanceKlass com/sun/javafx/css/Size
instanceKlass com/sun/javafx/css/parser/CSSParser
instanceKlass com/sun/javafx/css/CssError
instanceKlass javafx/scene/Node$20
instanceKlass com/sun/javafx/tk/quantum/GlassWindowEventHandler$$Lambda$88
instanceKlass com/sun/javafx/tk/quantum/GlassViewEventHandler$$Lambda$87
instanceKlass com/oracle/jrockit/jfr/FlightRecorder
instanceKlass com/oracle/jrockit/jfr/EventToken
instanceKlass com/oracle/jrockit/jfr/EventInfo
instanceKlass com/sun/javafx/logging/PrintLogger$$Lambda$86
instanceKlass com/sun/javafx/logging/PrintLogger$$Lambda$85
instanceKlass com/sun/javafx/logging/PrintLogger$$Lambda$84
instanceKlass com/sun/javafx/logging/Logger
instanceKlass com/sun/javafx/logging/PulseLogger
instanceKlass com/sun/javafx/tk/quantum/WindowStage$$Lambda$83
instanceKlass com/sun/javafx/geom/DirtyRegionContainer
instanceKlass com/sun/javafx/geom/DirtyRegionPool
instanceKlass com/sun/javafx/sg/prism/NodePath
instanceKlass javafx/scene/Scene$InputMethodRequestsDelegate
instanceKlass com/sun/javafx/scene/input/ExtendedInputMethodRequests
instanceKlass javafx/scene/Scene$DropTargetListener
instanceKlass com/sun/scenario/effect/impl/state/AccessHelper
instanceKlass com/sun/scenario/effect/Effect$$Lambda$82
instanceKlass com/sun/scenario/effect/impl/state/AccessHelper$StateAccessor
instanceKlass com/sun/javafx/geom/Rectangle
instanceKlass com/sun/prism/paint/Paint
instanceKlass com/sun/scenario/effect/Effect
instanceKlass javafx/scene/Scene$ScenePeerPaintListener
instanceKlass javafx/scene/Scene$ScenePeerListener
instanceKlass com/sun/javafx/tk/quantum/GlassScene$$Lambda$81
instanceKlass com/sun/javafx/tk/quantum/SwipeGestureRecognizer$CenterComputer
instanceKlass com/sun/javafx/tk/quantum/SwipeGestureRecognizer$MultiTouchTracker
instanceKlass com/sun/javafx/tk/quantum/SwipeGestureRecognizer
instanceKlass com/sun/javafx/tk/quantum/GestureRecognizers
instanceKlass com/sun/javafx/tk/quantum/GlassSceneDnDEventHandler
instanceKlass com/sun/javafx/tk/quantum/GlassViewEventHandler$ViewEventNotification
instanceKlass com/sun/javafx/tk/quantum/GlassViewEventHandler$MouseEventNotification
instanceKlass com/sun/javafx/tk/quantum/GlassViewEventHandler$KeyEventNotification
instanceKlass com/sun/javafx/tk/quantum/GlassViewEventHandler$$Lambda$80
instanceKlass com/sun/javafx/tk/quantum/GestureRecognizer
instanceKlass com/sun/javafx/tk/quantum/GlassTouchEventListener
instanceKlass com/sun/glass/ui/View$$Lambda$79
instanceKlass com/sun/prism/PresentableState
instanceKlass com/sun/javafx/tk/quantum/ViewPainter
instanceKlass com/sun/glass/ui/View$EventHandler
instanceKlass com/sun/glass/ui/ClipboardAssistance
instanceKlass java/lang/StrictMath
instanceKlass com/sun/glass/ui/GestureSupport$$Lambda$78
instanceKlass com/sun/glass/ui/TouchInputSupport$TouchCountListener
instanceKlass java/lang/invoke/LambdaForm$DMH
instanceKlass com/sun/glass/ui/TouchInputSupport
instanceKlass com/sun/glass/ui/GestureSupport$GestureState
instanceKlass com/sun/glass/ui/GestureSupport
instanceKlass com/sun/glass/ui/win/WinGestureSupport
instanceKlass com/sun/javafx/tk/quantum/WindowStage$1
instanceKlass com/sun/javafx/tk/quantum/GlassStage$$Lambda$77
instanceKlass java/util/Properties$LineReader
instanceKlass java/util/ResourceBundle$Control$1
instanceKlass java/util/ResourceBundle$CacheKeyReference
instanceKlass java/util/ResourceBundle$CacheKey
instanceKlass java/util/ResourceBundle$Control
instanceKlass java/util/spi/ResourceBundleControlProvider
instanceKlass java/util/ResourceBundle
instanceKlass com/sun/glass/ui/Window$EventHandler
instanceKlass com/sun/javafx/tk/quantum/GlassStage
instanceKlass com/sun/javafx/event/EventUtil
instanceKlass javafx/scene/Scene$KeyHandler$$Lambda$76
instanceKlass javafx/scene/Scene$KeyHandler
instanceKlass com/sun/javafx/scene/transform/TransformUtils
instanceKlass javafx/scene/Camera$$Lambda$75
instanceKlass com/sun/javafx/scene/CameraHelper
instanceKlass javafx/scene/Camera$3
instanceKlass com/sun/javafx/scene/CameraHelper$CameraAccessor
instanceKlass javafx/scene/control/Labeled$StyleableProperties
instanceKlass javafx/scene/image/ImageView$StyleableProperties
instanceKlass com/sun/javafx/css/converters/EffectConverter$Holder
instanceKlass com/sun/javafx/css/converters/CursorConverter$Holder
instanceKlass javafx/scene/Node$StyleableProperties
instanceKlass com/sun/javafx/scene/layout/region/BorderImageSlices
instanceKlass com/sun/javafx/scene/layout/region/Margins$Holder
instanceKlass javafx/scene/layout/BackgroundSize
instanceKlass javafx/scene/layout/BackgroundPosition
instanceKlass com/sun/javafx/scene/layout/region/RepeatStruct
instanceKlass com/sun/javafx/css/converters/URLConverter$Holder
instanceKlass com/sun/javafx/css/converters/PaintConverter$Holder
instanceKlass com/sun/javafx/css/converters/InsetsConverter$Holder
instanceKlass javafx/scene/layout/Region$StyleableProperties
instanceKlass javafx/scene/control/Control$StyleableProperties
instanceKlass com/sun/javafx/css/converters/BooleanConverter$Holder
instanceKlass javafx/scene/control/MenuBar$StyleableProperties
instanceKlass com/sun/javafx/css/StyleCache$Key
instanceKlass javafx/scene/CssStyleHelper$CacheContainer
instanceKlass com/sun/javafx/css/StyleMap$$Lambda$74
instanceKlass com/sun/javafx/css/CascadingStyle
instanceKlass com/sun/javafx/css/StyleMap
instanceKlass com/sun/javafx/css/StyleManager$Cache$Key
instanceKlass com/sun/javafx/css/StyleManager$Cache
instanceKlass java/util/TimSort
instanceKlass java/util/Arrays$LegacyMergeSort
instanceKlass com/sun/javafx/css/StyleManager$Key
instanceKlass com/sun/javafx/css/StyleManager$CacheContainer
instanceKlass com/sun/javafx/css/converters/FontConverter$FontWeightConverter$Holder
instanceKlass com/sun/javafx/css/converters/FontConverter$FontStyleConverter$Holder
instanceKlass com/sun/javafx/css/converters/SizeConverter$Holder
instanceKlass com/sun/javafx/css/converters/StringConverter$Holder
instanceKlass com/sun/javafx/css/converters/FontConverter$Holder
instanceKlass com/sun/javafx/font/PrismFont
instanceKlass com/sun/javafx/font/CharToGlyphMapper
instanceKlass com/sun/javafx/font/FontStrike
instanceKlass com/sun/javafx/font/LogicalFont
instanceKlass com/sun/javafx/font/CompositeFontResource
instanceKlass com/sun/javafx/font/directwrite/IUnknown
instanceKlass com/sun/javafx/font/directwrite/OS$$Lambda$73
instanceKlass com/sun/javafx/font/directwrite/OS
instanceKlass com/sun/javafx/text/GlyphLayout
instanceKlass com/sun/javafx/font/PrismFontFile
instanceKlass com/sun/javafx/font/FontConstants
instanceKlass com/sun/javafx/font/PrismFontFactory$$Lambda$72
instanceKlass java/io/FilenameFilter
instanceKlass com/sun/javafx/font/PGFont
instanceKlass com/sun/javafx/font/FontResource
instanceKlass com/sun/javafx/font/PrismFontFactory
instanceKlass sun/util/calendar/CalendarSystem
instanceKlass java/util/Date
instanceKlass sun/util/logging/LoggingSupport$2
instanceKlass java/util/logging/LoggingProxyImpl
instanceKlass sun/util/logging/LoggingProxy
instanceKlass sun/util/logging/LoggingSupport$1
instanceKlass sun/util/logging/LoggingSupport
instanceKlass sun/util/logging/PlatformLogger$LoggerProxy
instanceKlass sun/util/logging/PlatformLogger$1
instanceKlass sun/util/logging/PlatformLogger
instanceKlass com/sun/javafx/util/Logging
instanceKlass javafx/css/ParsedValue
instanceKlass javafx/scene/CssStyleHelper
instanceKlass javafx/scene/Scene$ClickCounter
instanceKlass javafx/scene/Scene$ClickGenerator
instanceKlass javafx/scene/Scene$MouseHandler$1
instanceKlass com/sun/javafx/event/EventQueue
instanceKlass javafx/scene/Scene$MouseHandler
instanceKlass com/sun/javafx/scene/traversal/TraversalEngine$BaseEngineContext
instanceKlass com/sun/javafx/scene/traversal/ContainerTabOrder
instanceKlass com/sun/javafx/scene/traversal/Algorithm
instanceKlass com/sun/javafx/scene/traversal/TraversalContext
instanceKlass javafx/scene/Scene$TouchMap
instanceKlass javafx/scene/Scene$TouchGesture
instanceKlass javafx/scene/Scene$TargetWrapper
instanceKlass javafx/scene/Scene$ScenePulseListener
instanceKlass javafx/scene/SceneAntialiasing
instanceKlass javafx/scene/paint/Paint$1
instanceKlass com/sun/javafx/tk/Toolkit$PaintAccessor
instanceKlass javafx/scene/Scene$$Lambda$71
instanceKlass com/sun/javafx/scene/SceneHelper
instanceKlass javafx/scene/Scene$3
instanceKlass com/sun/javafx/tk/TKDropTargetListener
instanceKlass com/sun/javafx/tk/TKScenePaintListener
instanceKlass com/sun/javafx/tk/TKSceneListener
instanceKlass com/sun/javafx/scene/SceneHelper$SceneAccessor
instanceKlass com/sun/javafx/robot/impl/FXRobotHelper$FXRobotSceneAccessor
instanceKlass com/sun/javafx/perf/PerformanceTracker$SceneAccessor
instanceKlass javafx/fxml/Initializable
instanceKlass sun/misc/FDBigInteger
instanceKlass javafx/beans/WeakInvalidationListener
instanceKlass com/sun/javafx/beans/event/AbstractNotifyListener
instanceKlass java/time/LocalDate
instanceKlass java/time/chrono/ChronoLocalDate
instanceKlass java/time/temporal/TemporalAdjuster
instanceKlass java/time/temporal/Temporal
instanceKlass java/time/temporal/TemporalAccessor
instanceKlass java/util/Collections$1
instanceKlass javafx/scene/layout/BorderPane$BorderPositionProperty$1
instanceKlass sun/reflect/ClassDefiner$1
instanceKlass sun/reflect/ClassDefiner
instanceKlass sun/reflect/MethodAccessorGenerator$1
instanceKlass sun/reflect/Label$PatchInfo
instanceKlass sun/reflect/Label
instanceKlass sun/reflect/UTF8
instanceKlass sun/reflect/ClassFileAssembler
instanceKlass sun/reflect/ByteVectorImpl
instanceKlass sun/reflect/ByteVector
instanceKlass sun/reflect/ByteVectorFactory
instanceKlass sun/reflect/AccessorGenerator
instanceKlass sun/reflect/ClassFileConstants
instanceKlass sun/reflect/generics/reflectiveObjects/LazyReflectiveObjectGenerator
instanceKlass java/lang/reflect/TypeVariable
instanceKlass sun/reflect/generics/tree/TypeVariableSignature
instanceKlass sun/reflect/generics/tree/ClassSignature
instanceKlass sun/reflect/generics/reflectiveObjects/ParameterizedTypeImpl
instanceKlass java/lang/reflect/ParameterizedType
instanceKlass sun/reflect/generics/tree/MethodTypeSignature
instanceKlass sun/reflect/generics/tree/Signature
instanceKlass sun/reflect/generics/tree/FormalTypeParameter
instanceKlass javafx/fxml/FXMLLoader$ControllerMethodEventHandler
instanceKlass javafx/fxml/FXMLLoader$MethodHandler
instanceKlass java/util/EnumMap$1
instanceKlass javafx/scene/control/Menu$$Lambda$70
instanceKlass javafx/fxml/FXML
instanceKlass java/util/concurrent/ScheduledExecutorService
instanceKlass javafx/fxml/FXMLLoader$ControllerAccessor$1
instanceKlass sun/reflect/misc/Trampoline
instanceKlass sun/reflect/misc/MethodUtil$1
instanceKlass javafx/scene/control/SkinBase
instanceKlass java/util/Collections$EmptyIterator
instanceKlass java/lang/annotation/Target
instanceKlass sun/reflect/annotation/ExceptionProxy
instanceKlass java/lang/annotation/Documented
instanceKlass java/lang/reflect/WeakCache$Value
instanceKlass sun/misc/ProxyGenerator$ExceptionTableEntry
instanceKlass sun/misc/ProxyGenerator$PrimitiveTypeInfo
instanceKlass sun/misc/ProxyGenerator$FieldInfo
instanceKlass java/io/DataOutput
instanceKlass sun/misc/ProxyGenerator$ConstantPool$Entry
instanceKlass sun/misc/ProxyGenerator$MethodInfo
instanceKlass sun/misc/ProxyGenerator$ProxyMethod
instanceKlass sun/misc/ProxyGenerator$ConstantPool
instanceKlass sun/misc/ProxyGenerator
instanceKlass java/lang/reflect/WeakCache$Factory
instanceKlass java/util/function/Supplier
instanceKlass sun/reflect/annotation/AnnotationInvocationHandler
instanceKlass sun/reflect/annotation/AnnotationParser$1
instanceKlass java/lang/annotation/Inherited
instanceKlass java/lang/annotation/Retention
instanceKlass sun/reflect/annotation/AnnotationType$1
instanceKlass java/lang/reflect/GenericArrayType
instanceKlass javafx/beans/DefaultProperty
instanceKlass sun/reflect/generics/visitor/Reifier
instanceKlass sun/reflect/generics/visitor/TypeTreeVisitor
instanceKlass sun/reflect/generics/factory/CoreReflectionFactory
instanceKlass sun/reflect/generics/factory/GenericsFactory
instanceKlass sun/reflect/generics/scope/AbstractScope
instanceKlass sun/reflect/generics/scope/Scope
instanceKlass sun/reflect/generics/tree/ClassTypeSignature
instanceKlass sun/reflect/generics/tree/SimpleClassTypeSignature
instanceKlass sun/reflect/generics/tree/FieldTypeSignature
instanceKlass sun/reflect/generics/tree/BaseType
instanceKlass sun/reflect/generics/tree/TypeSignature
instanceKlass sun/reflect/generics/tree/ReturnType
instanceKlass sun/reflect/generics/tree/TypeArgument
instanceKlass sun/reflect/generics/tree/TypeTree
instanceKlass sun/reflect/generics/tree/Tree
instanceKlass sun/reflect/generics/parser/SignatureParser
instanceKlass sun/reflect/annotation/AnnotationParser
instanceKlass com/sun/javafx/beans/IDProperty
instanceKlass javafx/event/WeakEventHandler
instanceKlass com/sun/javafx/event/CompositeEventHandler$EventProcessorRecord
instanceKlass com/sun/javafx/event/CompositeEventHandler
instanceKlass javafx/event/Event$$Lambda$69
instanceKlass javafx/scene/control/Control$$Lambda$68
instanceKlass java/lang/invoke/LambdaForm$DMH
instanceKlass javafx/css/StyleConverter
instanceKlass java/util/WeakHashMap$HashIterator
instanceKlass com/sun/javafx/css/StyleManager$RefList
instanceKlass com/sun/javafx/css/SelectorPartitioning$Slot
instanceKlass com/sun/javafx/css/SelectorPartitioning$Partition
instanceKlass com/sun/javafx/css/SelectorPartitioning$$Lambda$67
instanceKlass com/sun/javafx/css/SelectorPartitioning$PartitionKey
instanceKlass com/sun/javafx/css/SelectorPartitioning
instanceKlass com/sun/javafx/css/StyleManager$StylesheetContainer
